{"/home/travis/build/npmtest/node-npmtest-react-tooltip/test.js":{"path":"/home/travis/build/npmtest/node-npmtest-react-tooltip/test.js","s":{"1":2,"2":2,"3":2,"4":2,"5":2,"6":2,"7":2,"8":1,"9":2,"10":2,"11":1,"12":1,"13":1,"14":1,"15":2,"16":2,"17":2,"18":2,"19":1,"20":1,"21":2,"22":2,"23":2,"24":1,"25":1,"26":1,"27":1,"28":1,"29":1,"30":1,"31":1,"32":1,"33":1,"34":1,"35":1,"36":1,"37":1,"38":1,"39":2,"40":2,"41":1,"42":2,"43":2,"44":1,"45":2,"46":2,"47":1,"48":2,"49":2,"50":1,"51":1,"52":1,"53":1,"54":1},"b":{"1":[2,1,1,1],"2":[1,1,1,1],"3":[1,1],"4":[1,1],"5":[1,1],"6":[1,1],"7":[1,1],"8":[1,1],"9":[1,1],"10":[1,1,1],"11":[1,1],"12":[1,1],"13":[1,1],"14":[1,1],"15":[1,1],"16":[1,1],"17":[1,1]},"f":{"1":2,"2":2,"3":2,"4":2,"5":2,"6":1,"7":1,"8":1,"9":2,"10":2,"11":2,"12":2,"13":1},"fnMap":{"1":{"name":"(anonymous_1)","line":12,"loc":{"start":{"line":12,"column":1},"end":{"line":12,"column":13}}},"2":{"name":"(anonymous_2)","line":19,"loc":{"start":{"line":19,"column":5},"end":{"line":19,"column":17}}},"3":{"name":"(anonymous_3)","line":23,"loc":{"start":{"line":23,"column":24},"end":{"line":23,"column":36}}},"4":{"name":"(anonymous_4)","line":61,"loc":{"start":{"line":61,"column":5},"end":{"line":61,"column":17}}},"5":{"name":"(anonymous_5)","line":82,"loc":{"start":{"line":82,"column":5},"end":{"line":82,"column":17}}},"6":{"name":"(anonymous_6)","line":91,"loc":{"start":{"line":91,"column":77},"end":{"line":94,"column":10}}},"7":{"name":"(anonymous_7)","line":112,"loc":{"start":{"line":112,"column":83},"end":{"line":115,"column":10}},"skip":true},"8":{"name":"(anonymous_8)","line":123,"loc":{"start":{"line":123,"column":77},"end":{"line":126,"column":10}},"skip":true},"9":{"name":"(anonymous_9)","line":139,"loc":{"start":{"line":139,"column":12},"end":{"line":139,"column":40}},"skip":true},"10":{"name":"(anonymous_10)","line":147,"loc":{"start":{"line":147,"column":77},"end":{"line":150,"column":10}},"skip":true},"11":{"name":"(anonymous_11)","line":158,"loc":{"start":{"line":158,"column":83},"end":{"line":161,"column":10}},"skip":true},"12":{"name":"(anonymous_12)","line":169,"loc":{"start":{"line":169,"column":79},"end":{"line":172,"column":10}},"skip":true},"13":{"name":"(anonymous_13)","line":180,"loc":{"start":{"line":180,"column":75},"end":{"line":183,"column":10}},"skip":true}},"statementMap":{"1":{"start":{"line":12,"column":0},"end":{"line":195,"column":5}},"2":{"start":{"line":14,"column":4},"end":{"line":14,"column":14}},"3":{"start":{"line":19,"column":4},"end":{"line":56,"column":9}},"4":{"start":{"line":21,"column":8},"end":{"line":21,"column":19}},"5":{"start":{"line":23,"column":8},"end":{"line":35,"column":13}},"6":{"start":{"line":24,"column":12},"end":{"line":34,"column":13}},"7":{"start":{"line":25,"column":16},"end":{"line":28,"column":30}},"8":{"start":{"line":30,"column":16},"end":{"line":33,"column":27}},"9":{"start":{"line":37,"column":8},"end":{"line":39,"column":21}},"10":{"start":{"line":40,"column":8},"end":{"line":53,"column":9}},"11":{"start":{"line":43,"column":12},"end":{"line":46,"column":14}},"12":{"start":{"line":47,"column":12},"end":{"line":47,"column":18}},"13":{"start":{"line":50,"column":12},"end":{"line":51,"column":33}},"14":{"start":{"line":52,"column":12},"end":{"line":52,"column":18}},"15":{"start":{"line":55,"column":8},"end":{"line":55,"column":35}},"16":{"start":{"line":61,"column":4},"end":{"line":63,"column":9}},"17":{"start":{"line":62,"column":8},"end":{"line":62,"column":15}},"18":{"start":{"line":64,"column":4},"end":{"line":77,"column":5}},"19":{"start":{"line":70,"column":8},"end":{"line":70,"column":14}},"20":{"start":{"line":76,"column":8},"end":{"line":76,"column":14}},"21":{"start":{"line":82,"column":4},"end":{"line":84,"column":9}},"22":{"start":{"line":83,"column":8},"end":{"line":83,"column":15}},"23":{"start":{"line":85,"column":4},"end":{"line":194,"column":5}},"24":{"start":{"line":91,"column":8},"end":{"line":99,"column":10}},"25":{"start":{"line":98,"column":12},"end":{"line":98,"column":35}},"26":{"start":{"line":102,"column":8},"end":{"line":104,"column":63}},"27":{"start":{"line":105,"column":8},"end":{"line":105,"column":14}},"28":{"start":{"line":112,"column":8},"end":{"line":121,"column":10},"skip":true},"29":{"start":{"line":119,"column":12},"end":{"line":119,"column":55},"skip":true},"30":{"start":{"line":120,"column":12},"end":{"line":120,"column":48},"skip":true},"31":{"start":{"line":123,"column":8},"end":{"line":136,"column":10},"skip":true},"32":{"start":{"line":130,"column":12},"end":{"line":130,"column":76},"skip":true},"33":{"start":{"line":131,"column":12},"end":{"line":131,"column":73},"skip":true},"34":{"start":{"line":132,"column":12},"end":{"line":132,"column":74},"skip":true},"35":{"start":{"line":133,"column":12},"end":{"line":133,"column":79},"skip":true},"36":{"start":{"line":134,"column":12},"end":{"line":134,"column":25},"skip":true},"37":{"start":{"line":135,"column":12},"end":{"line":135,"column":45},"skip":true},"38":{"start":{"line":138,"column":8},"end":{"line":145,"column":14},"skip":true},"39":{"start":{"line":143,"column":16},"end":{"line":143,"column":29},"skip":true},"40":{"start":{"line":144,"column":16},"end":{"line":144,"column":55},"skip":true},"41":{"start":{"line":147,"column":8},"end":{"line":156,"column":10},"skip":true},"42":{"start":{"line":154,"column":12},"end":{"line":154,"column":25},"skip":true},"43":{"start":{"line":155,"column":12},"end":{"line":155,"column":45},"skip":true},"44":{"start":{"line":158,"column":8},"end":{"line":167,"column":10},"skip":true},"45":{"start":{"line":165,"column":12},"end":{"line":165,"column":25},"skip":true},"46":{"start":{"line":166,"column":12},"end":{"line":166,"column":48},"skip":true},"47":{"start":{"line":169,"column":8},"end":{"line":178,"column":10},"skip":true},"48":{"start":{"line":176,"column":12},"end":{"line":176,"column":25},"skip":true},"49":{"start":{"line":177,"column":12},"end":{"line":177,"column":46},"skip":true},"50":{"start":{"line":180,"column":8},"end":{"line":189,"column":10},"skip":true},"51":{"start":{"line":187,"column":12},"end":{"line":187,"column":94},"skip":true},"52":{"start":{"line":188,"column":12},"end":{"line":188,"column":48},"skip":true},"53":{"start":{"line":192,"column":8},"end":{"line":192,"column":35},"skip":true},"54":{"start":{"line":193,"column":8},"end":{"line":193,"column":14},"skip":true}},"branchMap":{"1":{"line":25,"type":"binary-expr","locations":[{"start":{"line":25,"column":23},"end":{"line":25,"column":62}},{"start":{"line":26,"column":20},"end":{"line":26,"column":70}},{"start":{"line":27,"column":20},"end":{"line":27,"column":71}},{"start":{"line":28,"column":20},"end":{"line":28,"column":29}}]},"2":{"line":30,"type":"binary-expr","locations":[{"start":{"line":30,"column":23},"end":{"line":30,"column":37}},{"start":{"line":31,"column":20},"end":{"line":31,"column":61}},{"start":{"line":32,"column":20},"end":{"line":32,"column":70}},{"start":{"line":33,"column":20},"end":{"line":33,"column":26}}]},"3":{"line":37,"type":"cond-expr","locations":[{"start":{"line":38,"column":14},"end":{"line":38,"column":20}},{"start":{"line":39,"column":14},"end":{"line":39,"column":20}}]},"4":{"line":40,"type":"switch","locations":[{"start":{"line":42,"column":8},"end":{"line":47,"column":18}},{"start":{"line":49,"column":8},"end":{"line":52,"column":18}}]},"5":{"line":44,"type":"binary-expr","locations":[{"start":{"line":44,"column":16},"end":{"line":44,"column":44}},{"start":{"line":44,"column":48},"end":{"line":44,"column":66}}]},"6":{"line":50,"type":"binary-expr","locations":[{"start":{"line":50,"column":21},"end":{"line":50,"column":49}},{"start":{"line":50,"column":53},"end":{"line":50,"column":72}}]},"7":{"line":64,"type":"switch","locations":[{"start":{"line":69,"column":4},"end":{"line":70,"column":14}},{"start":{"line":75,"column":4},"end":{"line":76,"column":14}}]},"8":{"line":85,"type":"switch","locations":[{"start":{"line":90,"column":4},"end":{"line":105,"column":14}},{"start":{"line":111,"column":4},"end":{"line":193,"column":14},"skip":true}]},"9":{"line":91,"type":"binary-expr","locations":[{"start":{"line":91,"column":42},"end":{"line":91,"column":73}},{"start":{"line":91,"column":77},"end":{"line":99,"column":9}}]},"10":{"line":102,"type":"binary-expr","locations":[{"start":{"line":102,"column":18},"end":{"line":102,"column":32}},{"start":{"line":103,"column":12},"end":{"line":103,"column":53}},{"start":{"line":104,"column":12},"end":{"line":104,"column":61}}]},"11":{"line":112,"type":"binary-expr","locations":[{"start":{"line":112,"column":45},"end":{"line":112,"column":79},"skip":true},{"start":{"line":112,"column":83},"end":{"line":121,"column":9},"skip":true}]},"12":{"line":123,"type":"binary-expr","locations":[{"start":{"line":123,"column":42},"end":{"line":123,"column":73},"skip":true},{"start":{"line":123,"column":77},"end":{"line":136,"column":9},"skip":true}]},"13":{"line":138,"type":"binary-expr","locations":[{"start":{"line":138,"column":48},"end":{"line":138,"column":85},"skip":true},{"start":{"line":139,"column":12},"end":{"line":145,"column":13},"skip":true}]},"14":{"line":147,"type":"binary-expr","locations":[{"start":{"line":147,"column":42},"end":{"line":147,"column":73},"skip":true},{"start":{"line":147,"column":77},"end":{"line":156,"column":9},"skip":true}]},"15":{"line":158,"type":"binary-expr","locations":[{"start":{"line":158,"column":45},"end":{"line":158,"column":79},"skip":true},{"start":{"line":158,"column":83},"end":{"line":167,"column":9},"skip":true}]},"16":{"line":169,"type":"binary-expr","locations":[{"start":{"line":169,"column":43},"end":{"line":169,"column":75},"skip":true},{"start":{"line":169,"column":79},"end":{"line":178,"column":9},"skip":true}]},"17":{"line":180,"type":"binary-expr","locations":[{"start":{"line":180,"column":41},"end":{"line":180,"column":71},"skip":true},{"start":{"line":180,"column":75},"end":{"line":189,"column":9},"skip":true}]}},"code":["/* istanbul instrument in package npmtest_react_tooltip */","/*jslint","    bitwise: true,","    browser: true,","    maxerr: 8,","    maxlen: 96,","    node: true,","    nomen: true,","    regexp: true,","    stupid: true","*/","(function () {","    'use strict';","    var local;","","","","    // run shared js-env code - pre-init","    (function () {","        // init local","        local = {};","        // init modeJs","        local.modeJs = (function () {","            try {","                return typeof navigator.userAgent === 'string' &&","                    typeof document.querySelector('body') === 'object' &&","                    typeof XMLHttpRequest.prototype.open === 'function' &&","                    'browser';","            } catch (errorCaughtBrowser) {","                return module.exports &&","                    typeof process.versions.node === 'string' &&","                    typeof require('http').createServer === 'function' &&","                    'node';","            }","        }());","        // init global","        local.global = local.modeJs === 'browser'","            ? window","            : global;","        switch (local.modeJs) {","        // re-init local from window.local","        case 'browser':","            local = local.global.utility2.objectSetDefault(","                local.global.utility2_rollup || local.global.local,","                local.global.utility2","            );","            break;","        // re-init local from example.js","        case 'node':","            local = (local.global.utility2_rollup || require('utility2'))","                .requireReadme();","            break;","        }","        // export local","        local.global.local = local;","    }());","","","","    // run shared js-env code - function","    (function () {","        return;","    }());","    switch (local.modeJs) {","","","","    // run browser js-env code - function","    case 'browser':","        break;","","","","    // run node js-env code - function","    case 'node':","        break;","    }","","","","    // run shared js-env code - post-init","    (function () {","        return;","    }());","    switch (local.modeJs) {","","","","    // run browser js-env code - post-init","    case 'browser':","        local.testCase_browser_nullCase = local.testCase_browser_nullCase || function (","            options,","            onError","        ) {","        /*","         * this function will test browsers's null-case handling-behavior-behavior","         */","            onError(null, options);","        };","","        // run tests","        local.nop(local.modeTest &&","            document.querySelector('#testRunButton1') &&","            document.querySelector('#testRunButton1').click());","        break;","","","","    // run node js-env code - post-init","    /* istanbul ignore next */","    case 'node':","        local.testCase_buildApidoc_default = local.testCase_buildApidoc_default || function (","            options,","            onError","        ) {","        /*","         * this function will test buildApidoc's default handling-behavior-behavior","         */","            options = { modulePathList: module.paths };","            local.buildApidoc(options, onError);","        };","","        local.testCase_buildApp_default = local.testCase_buildApp_default || function (","            options,","            onError","        ) {","        /*","         * this function will test buildApp's default handling-behavior-behavior","         */","            local.testCase_buildReadme_default(options, local.onErrorThrow);","            local.testCase_buildLib_default(options, local.onErrorThrow);","            local.testCase_buildTest_default(options, local.onErrorThrow);","            local.testCase_buildCustomOrg_default(options, local.onErrorThrow);","            options = [];","            local.buildApp(options, onError);","        };","","        local.testCase_buildCustomOrg_default = local.testCase_buildCustomOrg_default ||","            function (options, onError) {","            /*","             * this function will test buildCustomOrg's default handling-behavior","             */","                options = {};","                local.buildCustomOrg(options, onError);","            };","","        local.testCase_buildLib_default = local.testCase_buildLib_default || function (","            options,","            onError","        ) {","        /*","         * this function will test buildLib's default handling-behavior","         */","            options = {};","            local.buildLib(options, onError);","        };","","        local.testCase_buildReadme_default = local.testCase_buildReadme_default || function (","            options,","            onError","        ) {","        /*","         * this function will test buildReadme's default handling-behavior-behavior","         */","            options = {};","            local.buildReadme(options, onError);","        };","","        local.testCase_buildTest_default = local.testCase_buildTest_default || function (","            options,","            onError","        ) {","        /*","         * this function will test buildTest's default handling-behavior","         */","            options = {};","            local.buildTest(options, onError);","        };","","        local.testCase_webpage_default = local.testCase_webpage_default || function (","            options,","            onError","        ) {","        /*","         * this function will test webpage's default handling-behavior","         */","            options = { modeCoverageMerge: true, url: local.serverLocalHost + '?modeTest=1' };","            local.browserTest(options, onError);","        };","","        // run test-server","        local.testRunServer(local);","        break;","    }","}());",""],"l":{"12":2,"14":2,"19":2,"21":2,"23":2,"24":2,"25":2,"30":1,"37":2,"40":2,"43":1,"47":1,"50":1,"52":1,"55":2,"61":2,"62":2,"64":2,"70":1,"76":1,"82":2,"83":2,"85":2,"91":1,"98":1,"102":1,"105":1,"112":1,"119":1,"120":1,"123":1,"130":1,"131":1,"132":1,"133":1,"134":1,"135":1,"138":1,"143":2,"144":2,"147":1,"154":2,"155":2,"158":1,"165":2,"166":2,"169":1,"176":2,"177":2,"180":1,"187":1,"188":1,"192":1,"193":1}},"/home/travis/build/npmtest/node-npmtest-react-tooltip/lib.npmtest_react_tooltip.js":{"path":"/home/travis/build/npmtest/node-npmtest-react-tooltip/lib.npmtest_react_tooltip.js","s":{"1":2,"2":2,"3":2,"4":2,"5":2,"6":2,"7":2,"8":1,"9":2,"10":2,"11":2,"12":2,"13":1,"14":1,"15":1,"16":1},"b":{"1":[2,1,1,1],"2":[1,1,1,1],"3":[1,1],"4":[2,2],"5":[1,1]},"f":{"1":2,"2":2,"3":2},"fnMap":{"1":{"name":"(anonymous_1)","line":12,"loc":{"start":{"line":12,"column":1},"end":{"line":12,"column":13}}},"2":{"name":"(anonymous_2)","line":19,"loc":{"start":{"line":19,"column":5},"end":{"line":19,"column":17}}},"3":{"name":"(anonymous_3)","line":23,"loc":{"start":{"line":23,"column":24},"end":{"line":23,"column":36}}}},"statementMap":{"1":{"start":{"line":12,"column":0},"end":{"line":53,"column":5}},"2":{"start":{"line":14,"column":4},"end":{"line":14,"column":14}},"3":{"start":{"line":19,"column":4},"end":{"line":52,"column":9}},"4":{"start":{"line":21,"column":8},"end":{"line":21,"column":19}},"5":{"start":{"line":23,"column":8},"end":{"line":35,"column":13}},"6":{"start":{"line":24,"column":12},"end":{"line":34,"column":13}},"7":{"start":{"line":25,"column":16},"end":{"line":28,"column":30}},"8":{"start":{"line":30,"column":16},"end":{"line":33,"column":27}},"9":{"start":{"line":37,"column":8},"end":{"line":39,"column":21}},"10":{"start":{"line":41,"column":8},"end":{"line":41,"column":54}},"11":{"start":{"line":43,"column":8},"end":{"line":43,"column":58}},"12":{"start":{"line":45,"column":8},"end":{"line":51,"column":9}},"13":{"start":{"line":46,"column":12},"end":{"line":46,"column":64}},"14":{"start":{"line":48,"column":12},"end":{"line":48,"column":35}},"15":{"start":{"line":49,"column":12},"end":{"line":49,"column":49}},"16":{"start":{"line":50,"column":12},"end":{"line":50,"column":43}}},"branchMap":{"1":{"line":25,"type":"binary-expr","locations":[{"start":{"line":25,"column":23},"end":{"line":25,"column":62}},{"start":{"line":26,"column":20},"end":{"line":26,"column":70}},{"start":{"line":27,"column":20},"end":{"line":27,"column":71}},{"start":{"line":28,"column":20},"end":{"line":28,"column":29}}]},"2":{"line":30,"type":"binary-expr","locations":[{"start":{"line":30,"column":23},"end":{"line":30,"column":37}},{"start":{"line":31,"column":20},"end":{"line":31,"column":61}},{"start":{"line":32,"column":20},"end":{"line":32,"column":70}},{"start":{"line":33,"column":20},"end":{"line":33,"column":26}}]},"3":{"line":37,"type":"cond-expr","locations":[{"start":{"line":38,"column":14},"end":{"line":38,"column":20}},{"start":{"line":39,"column":14},"end":{"line":39,"column":20}}]},"4":{"line":41,"type":"binary-expr","locations":[{"start":{"line":41,"column":16},"end":{"line":41,"column":44}},{"start":{"line":41,"column":48},"end":{"line":41,"column":53}}]},"5":{"line":45,"type":"if","locations":[{"start":{"line":45,"column":8},"end":{"line":45,"column":8}},{"start":{"line":45,"column":8},"end":{"line":45,"column":8}}]}},"code":["/* istanbul instrument in package npmtest_react_tooltip */","/*jslint","    bitwise: true,","    browser: true,","    maxerr: 8,","    maxlen: 96,","    node: true,","    nomen: true,","    regexp: true,","    stupid: true","*/","(function () {","    'use strict';","    var local;","","","","    // run shared js-env code - pre-init","    (function () {","        // init local","        local = {};","        // init modeJs","        local.modeJs = (function () {","            try {","                return typeof navigator.userAgent === 'string' &&","                    typeof document.querySelector('body') === 'object' &&","                    typeof XMLHttpRequest.prototype.open === 'function' &&","                    'browser';","            } catch (errorCaughtBrowser) {","                return module.exports &&","                    typeof process.versions.node === 'string' &&","                    typeof require('http').createServer === 'function' &&","                    'node';","            }","        }());","        // init global","        local.global = local.modeJs === 'browser'","            ? window","            : global;","        // init utility2_rollup","        local = local.global.utility2_rollup || local;","        // init lib","        local.local = local.npmtest_react_tooltip = local;","        // init exports","        if (local.modeJs === 'browser') {","            local.global.utility2_npmtest_react_tooltip = local;","        } else {","            module.exports = local;","            module.exports.__dirname = __dirname;","            module.exports.module = module;","        }","    }());","}());",""],"l":{"12":2,"14":2,"19":2,"21":2,"23":2,"24":2,"25":2,"30":1,"37":2,"41":2,"43":2,"45":2,"46":1,"48":1,"49":1,"50":1}},"/home/travis/build/npmtest/node-npmtest-react-tooltip/example.js":{"path":"/home/travis/build/npmtest/node-npmtest-react-tooltip/example.js","s":{"1":2,"2":2,"3":2,"4":2,"5":2,"6":2,"7":2,"8":1,"9":2,"10":2,"11":2,"12":2,"13":1,"14":2,"15":2,"16":2,"17":2,"18":2,"19":0,"20":2,"21":1,"22":1,"23":1,"24":1,"25":1,"26":0,"27":0,"28":1,"29":1,"30":2,"31":0,"32":0,"33":0,"34":1,"35":2,"36":2,"37":3,"38":3,"39":3,"40":3,"41":0,"42":3,"43":3,"44":3,"45":1,"46":3,"47":1,"48":1,"49":1,"50":1,"51":1,"52":1,"53":1,"54":1,"55":1,"56":1,"57":0,"58":1,"59":6,"60":6,"61":1,"62":2,"63":0,"64":2,"65":1,"66":1,"67":0,"68":0,"69":0,"70":0,"71":0,"72":0,"73":0,"74":0,"75":0,"76":0,"77":0,"78":0,"79":0,"80":0,"81":0,"82":0,"83":0},"b":{"1":[2,1,1,1],"2":[1,1,1,1],"3":[1,1],"4":[2,2],"5":[1,1],"6":[1,1],"7":[2,0],"8":[2,1,1,1,1,1],"9":[0,2,0],"10":[1,1],"11":[2,1,1],"12":[1,0],"13":[0,2],"14":[2,0,0,0,0,0,0],"15":[0,3],"16":[3,0],"17":[1,1],"18":[0,1],"19":[1,2,0,2],"20":[1,0],"21":[1,1],"22":[0,0],"23":[0,0],"24":[0,0],"25":[0,0],"26":[0,0],"27":[0,0],"28":[0,0]},"f":{"1":2,"2":2,"3":2,"4":2,"5":2,"6":2,"7":3,"8":3,"9":3,"10":1,"11":6,"12":0},"fnMap":{"1":{"name":"(anonymous_1)","line":26,"loc":{"start":{"line":26,"column":1},"end":{"line":26,"column":13}}},"2":{"name":"(anonymous_2)","line":33,"loc":{"start":{"line":33,"column":5},"end":{"line":33,"column":17}}},"3":{"name":"(anonymous_3)","line":37,"loc":{"start":{"line":37,"column":24},"end":{"line":37,"column":36}}},"4":{"name":"(anonymous_4)","line":69,"loc":{"start":{"line":69,"column":31},"end":{"line":69,"column":48}},"skip":true},"5":{"name":"(anonymous_5)","line":78,"loc":{"start":{"line":78,"column":26},"end":{"line":78,"column":45}},"skip":true},"6":{"name":"(anonymous_6)","line":123,"loc":{"start":{"line":123,"column":33},"end":{"line":123,"column":48}},"skip":true},"7":{"name":"(anonymous_7)","line":125,"loc":{"start":{"line":125,"column":27},"end":{"line":125,"column":39}},"skip":true},"8":{"name":"(anonymous_8)","line":133,"loc":{"start":{"line":133,"column":59},"end":{"line":133,"column":74}},"skip":true},"9":{"name":"(anonymous_9)","line":143,"loc":{"start":{"line":143,"column":45},"end":{"line":143,"column":62}},"skip":true},"10":{"name":"(anonymous_10)","line":144,"loc":{"start":{"line":144,"column":73},"end":{"line":144,"column":92}},"skip":true},"11":{"name":"(anonymous_11)","line":272,"loc":{"start":{"line":272,"column":51},"end":{"line":272,"column":77}},"skip":true},"12":{"name":"(anonymous_12)","line":315,"loc":{"start":{"line":315,"column":32},"end":{"line":315,"column":61}},"skip":true}},"statementMap":{"1":{"start":{"line":26,"column":0},"end":{"line":326,"column":5}},"2":{"start":{"line":28,"column":4},"end":{"line":28,"column":14}},"3":{"start":{"line":33,"column":4},"end":{"line":60,"column":9}},"4":{"start":{"line":35,"column":8},"end":{"line":35,"column":19}},"5":{"start":{"line":37,"column":8},"end":{"line":49,"column":13}},"6":{"start":{"line":38,"column":12},"end":{"line":48,"column":13}},"7":{"start":{"line":39,"column":16},"end":{"line":42,"column":30}},"8":{"start":{"line":44,"column":16},"end":{"line":47,"column":27}},"9":{"start":{"line":51,"column":8},"end":{"line":53,"column":21}},"10":{"start":{"line":55,"column":8},"end":{"line":57,"column":45}},"11":{"start":{"line":59,"column":8},"end":{"line":59,"column":35}},"12":{"start":{"line":61,"column":4},"end":{"line":325,"column":5}},"13":{"start":{"line":69,"column":8},"end":{"line":121,"column":10},"skip":true},"14":{"start":{"line":70,"column":12},"end":{"line":88,"column":13},"skip":true},"15":{"start":{"line":76,"column":16},"end":{"line":87,"column":19},"skip":true},"16":{"start":{"line":79,"column":20},"end":{"line":86,"column":21},"skip":true},"17":{"start":{"line":82,"column":24},"end":{"line":82,"column":43},"skip":true},"18":{"start":{"line":83,"column":24},"end":{"line":83,"column":30},"skip":true},"19":{"start":{"line":85,"column":24},"end":{"line":85,"column":49},"skip":true},"20":{"start":{"line":89,"column":12},"end":{"line":107,"column":13},"skip":true},"21":{"start":{"line":92,"column":16},"end":{"line":102,"column":17},"skip":true},"22":{"start":{"line":93,"column":20},"end":{"line":93,"column":86},"skip":true},"23":{"start":{"line":94,"column":20},"end":{"line":95,"column":45},"skip":true},"24":{"start":{"line":96,"column":20},"end":{"line":96,"column":42},"skip":true},"25":{"start":{"line":97,"column":20},"end":{"line":97,"column":48},"skip":true},"26":{"start":{"line":100,"column":20},"end":{"line":100,"column":85},"skip":true},"27":{"start":{"line":101,"column":20},"end":{"line":101,"column":96},"skip":true},"28":{"start":{"line":103,"column":16},"end":{"line":103,"column":22},"skip":true},"29":{"start":{"line":106,"column":16},"end":{"line":106,"column":22},"skip":true},"30":{"start":{"line":108,"column":12},"end":{"line":120,"column":13},"skip":true},"31":{"start":{"line":114,"column":16},"end":{"line":119,"column":17},"skip":true},"32":{"start":{"line":116,"column":20},"end":{"line":116,"column":78},"skip":true},"33":{"start":{"line":118,"column":20},"end":{"line":118,"column":47},"skip":true},"34":{"start":{"line":123,"column":8},"end":{"line":141,"column":11},"skip":true},"35":{"start":{"line":124,"column":12},"end":{"line":124,"column":54},"skip":true},"36":{"start":{"line":125,"column":12},"end":{"line":140,"column":14},"skip":true},"37":{"start":{"line":126,"column":16},"end":{"line":126,"column":28},"skip":true},"38":{"start":{"line":127,"column":16},"end":{"line":127,"column":69},"skip":true},"39":{"start":{"line":128,"column":16},"end":{"line":128,"column":75},"skip":true},"40":{"start":{"line":129,"column":16},"end":{"line":131,"column":17},"skip":true},"41":{"start":{"line":130,"column":20},"end":{"line":130,"column":27},"skip":true},"42":{"start":{"line":133,"column":16},"end":{"line":137,"column":36},"skip":true},"43":{"start":{"line":134,"column":20},"end":{"line":136,"column":55},"skip":true},"44":{"start":{"line":139,"column":16},"end":{"line":139,"column":57},"skip":true},"45":{"start":{"line":143,"column":8},"end":{"line":147,"column":11},"skip":true},"46":{"start":{"line":144,"column":12},"end":{"line":146,"column":15},"skip":true},"47":{"start":{"line":145,"column":16},"end":{"line":145,"column":70},"skip":true},"48":{"start":{"line":149,"column":8},"end":{"line":149,"column":31},"skip":true},"49":{"start":{"line":150,"column":8},"end":{"line":150,"column":14},"skip":true},"50":{"start":{"line":158,"column":8},"end":{"line":158,"column":31},"skip":true},"51":{"start":{"line":160,"column":8},"end":{"line":160,"column":33},"skip":true},"52":{"start":{"line":161,"column":8},"end":{"line":161,"column":37},"skip":true},"53":{"start":{"line":162,"column":8},"end":{"line":162,"column":35},"skip":true},"54":{"start":{"line":164,"column":8},"end":{"line":164,"column":50},"skip":true},"55":{"start":{"line":166,"column":8},"end":{"line":256,"column":2},"skip":true},"56":{"start":{"line":258,"column":8},"end":{"line":286,"column":9},"skip":true},"57":{"start":{"line":259,"column":12},"end":{"line":269,"column":14},"skip":true},"58":{"start":{"line":271,"column":12},"end":{"line":285,"column":19},"skip":true},"59":{"start":{"line":274,"column":20},"end":{"line":274,"column":35},"skip":true},"60":{"start":{"line":275,"column":20},"end":{"line":284,"column":21},"skip":true},"61":{"start":{"line":277,"column":24},"end":{"line":277,"column":64},"skip":true},"62":{"start":{"line":279,"column":24},"end":{"line":279,"column":40},"skip":true},"63":{"start":{"line":281,"column":24},"end":{"line":281,"column":40},"skip":true},"64":{"start":{"line":283,"column":24},"end":{"line":283,"column":39},"skip":true},"65":{"start":{"line":288,"column":8},"end":{"line":290,"column":9},"skip":true},"66":{"start":{"line":289,"column":12},"end":{"line":289,"column":18},"skip":true},"67":{"start":{"line":291,"column":8},"end":{"line":293,"column":54},"skip":true},"68":{"start":{"line":296,"column":8},"end":{"line":301,"column":37},"skip":true},"69":{"start":{"line":303,"column":8},"end":{"line":303,"column":82},"skip":true},"70":{"start":{"line":306,"column":8},"end":{"line":308,"column":9},"skip":true},"71":{"start":{"line":307,"column":12},"end":{"line":307,"column":82},"skip":true},"72":{"start":{"line":310,"column":8},"end":{"line":312,"column":9},"skip":true},"73":{"start":{"line":311,"column":12},"end":{"line":311,"column":18},"skip":true},"74":{"start":{"line":313,"column":8},"end":{"line":313,"column":54},"skip":true},"75":{"start":{"line":314,"column":8},"end":{"line":314,"column":69},"skip":true},"76":{"start":{"line":315,"column":8},"end":{"line":323,"column":36},"skip":true},"77":{"start":{"line":316,"column":12},"end":{"line":316,"column":61},"skip":true},"78":{"start":{"line":317,"column":12},"end":{"line":320,"column":13},"skip":true},"79":{"start":{"line":318,"column":16},"end":{"line":318,"column":75},"skip":true},"80":{"start":{"line":319,"column":16},"end":{"line":319,"column":23},"skip":true},"81":{"start":{"line":321,"column":12},"end":{"line":321,"column":38},"skip":true},"82":{"start":{"line":322,"column":12},"end":{"line":322,"column":27},"skip":true},"83":{"start":{"line":324,"column":8},"end":{"line":324,"column":14},"skip":true}},"branchMap":{"1":{"line":39,"type":"binary-expr","locations":[{"start":{"line":39,"column":23},"end":{"line":39,"column":62}},{"start":{"line":40,"column":20},"end":{"line":40,"column":70}},{"start":{"line":41,"column":20},"end":{"line":41,"column":71}},{"start":{"line":42,"column":20},"end":{"line":42,"column":29}}]},"2":{"line":44,"type":"binary-expr","locations":[{"start":{"line":44,"column":23},"end":{"line":44,"column":37}},{"start":{"line":45,"column":20},"end":{"line":45,"column":61}},{"start":{"line":46,"column":20},"end":{"line":46,"column":70}},{"start":{"line":47,"column":20},"end":{"line":47,"column":26}}]},"3":{"line":51,"type":"cond-expr","locations":[{"start":{"line":52,"column":14},"end":{"line":52,"column":20}},{"start":{"line":53,"column":14},"end":{"line":53,"column":20}}]},"4":{"line":55,"type":"binary-expr","locations":[{"start":{"line":55,"column":16},"end":{"line":55,"column":44}},{"start":{"line":55,"column":49},"end":{"line":57,"column":43}}]},"5":{"line":55,"type":"cond-expr","locations":[{"start":{"line":56,"column":14},"end":{"line":56,"column":57}},{"start":{"line":57,"column":14},"end":{"line":57,"column":43}}]},"6":{"line":61,"type":"switch","locations":[{"start":{"line":68,"column":4},"end":{"line":150,"column":14},"skip":true},{"start":{"line":156,"column":4},"end":{"line":324,"column":14},"skip":true}]},"7":{"line":70,"type":"if","locations":[{"start":{"line":70,"column":12},"end":{"line":70,"column":12},"skip":true},{"start":{"line":70,"column":12},"end":{"line":70,"column":12},"skip":true}]},"8":{"line":70,"type":"binary-expr","locations":[{"start":{"line":70,"column":16},"end":{"line":70,"column":22},"skip":true},{"start":{"line":70,"column":27},"end":{"line":70,"column":32},"skip":true},{"start":{"line":71,"column":20},"end":{"line":71,"column":39},"skip":true},{"start":{"line":72,"column":20},"end":{"line":72,"column":49},"skip":true},{"start":{"line":73,"column":20},"end":{"line":73,"column":58},"skip":true},{"start":{"line":74,"column":20},"end":{"line":74,"column":69},"skip":true}]},"9":{"line":79,"type":"switch","locations":[{"start":{"line":80,"column":20},"end":{"line":80,"column":33},"skip":true},{"start":{"line":81,"column":20},"end":{"line":83,"column":30},"skip":true},{"start":{"line":84,"column":20},"end":{"line":85,"column":49},"skip":true}]},"10":{"line":89,"type":"switch","locations":[{"start":{"line":90,"column":12},"end":{"line":103,"column":22},"skip":true},{"start":{"line":105,"column":12},"end":{"line":106,"column":22},"skip":true}]},"11":{"line":89,"type":"binary-expr","locations":[{"start":{"line":89,"column":20},"end":{"line":89,"column":25},"skip":true},{"start":{"line":89,"column":29},"end":{"line":89,"column":48},"skip":true},{"start":{"line":89,"column":52},"end":{"line":89,"column":74},"skip":true}]},"12":{"line":92,"type":"if","locations":[{"start":{"line":92,"column":16},"end":{"line":92,"column":16},"skip":true},{"start":{"line":92,"column":16},"end":{"line":92,"column":16},"skip":true}]},"13":{"line":108,"type":"if","locations":[{"start":{"line":108,"column":12},"end":{"line":108,"column":12},"skip":true},{"start":{"line":108,"column":12},"end":{"line":108,"column":12},"skip":true}]},"14":{"line":108,"type":"binary-expr","locations":[{"start":{"line":108,"column":16},"end":{"line":108,"column":61},"skip":true},{"start":{"line":108,"column":66},"end":{"line":108,"column":72},"skip":true},{"start":{"line":108,"column":77},"end":{"line":108,"column":82},"skip":true},{"start":{"line":109,"column":20},"end":{"line":109,"column":39},"skip":true},{"start":{"line":110,"column":20},"end":{"line":110,"column":49},"skip":true},{"start":{"line":111,"column":20},"end":{"line":111,"column":58},"skip":true},{"start":{"line":112,"column":20},"end":{"line":112,"column":68},"skip":true}]},"15":{"line":129,"type":"if","locations":[{"start":{"line":129,"column":16},"end":{"line":129,"column":16},"skip":true},{"start":{"line":129,"column":16},"end":{"line":129,"column":16},"skip":true}]},"16":{"line":134,"type":"cond-expr","locations":[{"start":{"line":135,"column":26},"end":{"line":135,"column":29},"skip":true},{"start":{"line":136,"column":26},"end":{"line":136,"column":54},"skip":true}]},"17":{"line":164,"type":"binary-expr","locations":[{"start":{"line":164,"column":27},"end":{"line":164,"column":43},"skip":true},{"start":{"line":164,"column":47},"end":{"line":164,"column":49},"skip":true}]},"18":{"line":258,"type":"if","locations":[{"start":{"line":258,"column":8},"end":{"line":258,"column":8},"skip":true},{"start":{"line":258,"column":8},"end":{"line":258,"column":8},"skip":true}]},"19":{"line":275,"type":"switch","locations":[{"start":{"line":276,"column":20},"end":{"line":277,"column":64},"skip":true},{"start":{"line":278,"column":20},"end":{"line":279,"column":40},"skip":true},{"start":{"line":280,"column":20},"end":{"line":281,"column":40},"skip":true},{"start":{"line":282,"column":20},"end":{"line":283,"column":39},"skip":true}]},"20":{"line":288,"type":"if","locations":[{"start":{"line":288,"column":8},"end":{"line":288,"column":8},"skip":true},{"start":{"line":288,"column":8},"end":{"line":288,"column":8},"skip":true}]},"21":{"line":288,"type":"binary-expr","locations":[{"start":{"line":288,"column":12},"end":{"line":288,"column":40},"skip":true},{"start":{"line":288,"column":44},"end":{"line":288,"column":67},"skip":true}]},"22":{"line":292,"type":"binary-expr","locations":[{"start":{"line":292,"column":12},"end":{"line":292,"column":50},"skip":true},{"start":{"line":293,"column":12},"end":{"line":293,"column":53},"skip":true}]},"23":{"line":297,"type":"binary-expr","locations":[{"start":{"line":297,"column":12},"end":{"line":297,"column":71},"skip":true},{"start":{"line":298,"column":12},"end":{"line":301,"column":36},"skip":true}]},"24":{"line":303,"type":"binary-expr","locations":[{"start":{"line":303,"column":43},"end":{"line":303,"column":75},"skip":true},{"start":{"line":303,"column":79},"end":{"line":303,"column":81},"skip":true}]},"25":{"line":306,"type":"if","locations":[{"start":{"line":306,"column":8},"end":{"line":306,"column":8},"skip":true},{"start":{"line":306,"column":8},"end":{"line":306,"column":8},"skip":true}]},"26":{"line":310,"type":"if","locations":[{"start":{"line":310,"column":8},"end":{"line":310,"column":8},"skip":true},{"start":{"line":310,"column":8},"end":{"line":310,"column":8},"skip":true}]},"27":{"line":313,"type":"binary-expr","locations":[{"start":{"line":313,"column":27},"end":{"line":313,"column":43},"skip":true},{"start":{"line":313,"column":47},"end":{"line":313,"column":53},"skip":true}]},"28":{"line":317,"type":"if","locations":[{"start":{"line":317,"column":12},"end":{"line":317,"column":12},"skip":true},{"start":{"line":317,"column":12},"end":{"line":317,"column":12},"skip":true}]}},"code":["/*","example.js","","quickstart example","","instruction","    1. save this script as example.js","    2. run the shell command:","        $ npm install npmtest-react-tooltip && PORT=8081 node example.js","    3. play with the browser-demo on http://127.0.0.1:8081","*/","","","","/* istanbul instrument in package npmtest_react_tooltip */","/*jslint","    bitwise: true,","    browser: true,","    maxerr: 8,","    maxlen: 96,","    node: true,","    nomen: true,","    regexp: true,","    stupid: true","*/","(function () {","    'use strict';","    var local;","","","","    // run shared js-env code - pre-init","    (function () {","        // init local","        local = {};","        // init modeJs","        local.modeJs = (function () {","            try {","                return typeof navigator.userAgent === 'string' &&","                    typeof document.querySelector('body') === 'object' &&","                    typeof XMLHttpRequest.prototype.open === 'function' &&","                    'browser';","            } catch (errorCaughtBrowser) {","                return module.exports &&","                    typeof process.versions.node === 'string' &&","                    typeof require('http').createServer === 'function' &&","                    'node';","            }","        }());","        // init global","        local.global = local.modeJs === 'browser'","            ? window","            : global;","        // init utility2_rollup","        local = local.global.utility2_rollup || (local.modeJs === 'browser'","            ? local.global.utility2_npmtest_react_tooltip","            : global.utility2_moduleExports);","        // export local","        local.global.local = local;","    }());","    switch (local.modeJs) {","","","","    // post-init","    // run browser js-env code - post-init","    /* istanbul ignore next */","    case 'browser':","        local.testRunBrowser = function (event) {","            if (!event || (event &&","                    event.currentTarget &&","                    event.currentTarget.className &&","                    event.currentTarget.className.includes &&","                    event.currentTarget.className.includes('onreset'))) {","                // reset output","                Array.from(","                    document.querySelectorAll('body > .resettable')","                ).forEach(function (element) {","                    switch (element.tagName) {","                    case 'INPUT':","                    case 'TEXTAREA':","                        element.value = '';","                        break;","                    default:","                        element.textContent = '';","                    }","                });","            }","            switch (event && event.currentTarget && event.currentTarget.id) {","            case 'testRunButton1':","                // show tests","                if (document.querySelector('#testReportDiv1').style.display === 'none') {","                    document.querySelector('#testReportDiv1').style.display = 'block';","                    document.querySelector('#testRunButton1').textContent =","                        'hide internal test';","                    local.modeTest = true;","                    local.testRunDefault(local);","                // hide tests","                } else {","                    document.querySelector('#testReportDiv1').style.display = 'none';","                    document.querySelector('#testRunButton1').textContent = 'run internal test';","                }","                break;","            // custom-case","            default:","                break;","            }","            if (document.querySelector('#inputTextareaEval1') && (!event || (event &&","                    event.currentTarget &&","                    event.currentTarget.className &&","                    event.currentTarget.className.includes &&","                    event.currentTarget.className.includes('oneval')))) {","                // try to eval input-code","                try {","                    /*jslint evil: true*/","                    eval(document.querySelector('#inputTextareaEval1').value);","                } catch (errorCaught) {","                    console.error(errorCaught);","                }","            }","        };","        // log stderr and stdout to #outputTextareaStdout1","        ['error', 'log'].forEach(function (key) {","            console[key + '_original'] = console[key];","            console[key] = function () {","                var element;","                console[key + '_original'].apply(console, arguments);","                element = document.querySelector('#outputTextareaStdout1');","                if (!element) {","                    return;","                }","                // append text to #outputTextareaStdout1","                element.value += Array.from(arguments).map(function (arg) {","                    return typeof arg === 'string'","                        ? arg","                        : JSON.stringify(arg, null, 4);","                }).join(' ') + '\\n';","                // scroll textarea to bottom","                element.scrollTop = element.scrollHeight;","            };","        });","        // init event-handling","        ['change', 'click', 'keyup'].forEach(function (event) {","            Array.from(document.querySelectorAll('.on' + event)).forEach(function (element) {","                element.addEventListener(event, local.testRunBrowser);","            });","        });","        // run tests","        local.testRunBrowser();","        break;","","","","    // run node js-env code - post-init","    /* istanbul ignore next */","    case 'node':","        // export local","        module.exports = local;","        // require modules","        local.fs = require('fs');","        local.http = require('http');","        local.url = require('url');","        // init assets","        local.assetsDict = local.assetsDict || {};","        /* jslint-ignore-begin */","        local.assetsDict['/assets.index.template.html'] = '\\","<!doctype html>\\n\\","<html lang=\"en\">\\n\\","<head>\\n\\","<meta charset=\"UTF-8\">\\n\\","<meta name=\"viewport\" content=\"width=device-width, initial-scale=1\">\\n\\","<title>{{env.npm_package_name}} (v{{env.npm_package_version}})</title>\\n\\","<style>\\n\\","/*csslint\\n\\","    box-sizing: false,\\n\\","    universal-selector: false\\n\\","*/\\n\\","* {\\n\\","    box-sizing: border-box;\\n\\","}\\n\\","body {\\n\\","    background: #dde;\\n\\","    font-family: Arial, Helvetica, sans-serif;\\n\\","    margin: 2rem;\\n\\","}\\n\\","body > * {\\n\\","    margin-bottom: 1rem;\\n\\","}\\n\\",".utility2FooterDiv {\\n\\","    margin-top: 20px;\\n\\","    text-align: center;\\n\\","}\\n\\","</style>\\n\\","<style>\\n\\","/*csslint\\n\\","*/\\n\\","textarea {\\n\\","    font-family: monospace;\\n\\","    height: 10rem;\\n\\","    width: 100%;\\n\\","}\\n\\","textarea[readonly] {\\n\\","    background: #ddd;\\n\\","}\\n\\","</style>\\n\\","</head>\\n\\","<body>\\n\\","<!-- utility2-comment\\n\\","<div id=\"ajaxProgressDiv1\" style=\"background: #d00; height: 2px; left: 0; margin: 0; padding: 0; position: fixed; top: 0; transition: background 0.5s, width 1.5s; width: 25%;\"></div>\\n\\","utility2-comment -->\\n\\","<h1>\\n\\","<!-- utility2-comment\\n\\","    <a\\n\\","        {{#if env.npm_package_homepage}}\\n\\","        href=\"{{env.npm_package_homepage}}\"\\n\\","        {{/if env.npm_package_homepage}}\\n\\","        target=\"_blank\"\\n\\","    >\\n\\","utility2-comment -->\\n\\","        {{env.npm_package_name}} (v{{env.npm_package_version}})\\n\\","<!-- utility2-comment\\n\\","    </a>\\n\\","utility2-comment -->\\n\\","</h1>\\n\\","<h3>{{env.npm_package_description}}</h3>\\n\\","<!-- utility2-comment\\n\\","<h4><a download href=\"assets.app.js\">download standalone app</a></h4>\\n\\","<button class=\"onclick onreset\" id=\"testRunButton1\">run internal test</button><br>\\n\\","<div id=\"testReportDiv1\" style=\"display: none;\"></div>\\n\\","utility2-comment -->\\n\\","\\n\\","\\n\\","\\n\\","<label>stderr and stdout</label>\\n\\","<textarea class=\"resettable\" id=\"outputTextareaStdout1\" readonly></textarea>\\n\\","<!-- utility2-comment\\n\\","{{#if isRollup}}\\n\\","<script src=\"assets.app.js\"></script>\\n\\","{{#unless isRollup}}\\n\\","utility2-comment -->\\n\\","<script src=\"assets.utility2.rollup.js\"></script>\\n\\","<script src=\"jsonp.utility2._stateInit?callback=window.utility2._stateInit\"></script>\\n\\","<script src=\"assets.npmtest_react_tooltip.rollup.js\"></script>\\n\\","<script src=\"assets.example.js\"></script>\\n\\","<script src=\"assets.test.js\"></script>\\n\\","<!-- utility2-comment\\n\\","{{/if isRollup}}\\n\\","utility2-comment -->\\n\\","<div class=\"utility2FooterDiv\">\\n\\","    [ this app was created with\\n\\","    <a href=\"https://github.com/kaizhu256/node-utility2\" target=\"_blank\">utility2</a>\\n\\","    ]\\n\\","</div>\\n\\","</body>\\n\\","</html>\\n\\","';","        /* jslint-ignore-end */","        if (local.templateRender) {","            local.assetsDict['/'] = local.templateRender(","                local.assetsDict['/assets.index.template.html'],","                {","                    env: local.objectSetDefault(local.env, {","                        npm_package_description: 'the greatest app in the world!',","                        npm_package_name: 'my-app',","                        npm_package_nameAlias: 'my_app',","                        npm_package_version: '0.0.1'","                    })","                }","            );","        } else {","            local.assetsDict['/'] = local.assetsDict['/assets.index.template.html']","                .replace((/\\{\\{env\\.(\\w+?)\\}\\}/g), function (match0, match1) {","                    // jslint-hack","                    String(match0);","                    switch (match1) {","                    case 'npm_package_description':","                        return 'the greatest app in the world!';","                    case 'npm_package_name':","                        return 'my-app';","                    case 'npm_package_nameAlias':","                        return 'my_app';","                    case 'npm_package_version':","                        return '0.0.1';","                    }","                });","        }","        // run the cli","        if (local.global.utility2_rollup || module !== require.main) {","            break;","        }","        local.assetsDict['/assets.example.js'] =","            local.assetsDict['/assets.example.js'] ||","            local.fs.readFileSync(__filename, 'utf8');","        // bug-workaround - long $npm_package_buildCustomOrg","        /* jslint-ignore-begin */","        local.assetsDict['/assets.npmtest_react_tooltip.rollup.js'] =","            local.assetsDict['/assets.npmtest_react_tooltip.rollup.js'] ||","            local.fs.readFileSync(","                local.npmtest_react_tooltip.__dirname + '/lib.npmtest_react_tooltip.js',","                'utf8'","            ).replace((/^#!/), '//');","        /* jslint-ignore-end */","        local.assetsDict['/favicon.ico'] = local.assetsDict['/favicon.ico'] || '';","        // if $npm_config_timeout_exit exists,","        // then exit this process after $npm_config_timeout_exit ms","        if (Number(process.env.npm_config_timeout_exit)) {","            setTimeout(process.exit, Number(process.env.npm_config_timeout_exit));","        }","        // start server","        if (local.global.utility2_serverHttp1) {","            break;","        }","        process.env.PORT = process.env.PORT || '8081';","        console.error('server starting on port ' + process.env.PORT);","        local.http.createServer(function (request, response) {","            request.urlParsed = local.url.parse(request.url);","            if (local.assetsDict[request.urlParsed.pathname] !== undefined) {","                response.end(local.assetsDict[request.urlParsed.pathname]);","                return;","            }","            response.statusCode = 404;","            response.end();","        }).listen(process.env.PORT);","        break;","    }","}());",""],"l":{"26":2,"28":2,"33":2,"35":2,"37":2,"38":2,"39":2,"44":1,"51":2,"55":2,"59":2,"61":2,"69":1,"70":2,"76":2,"79":2,"82":2,"83":2,"85":1,"89":2,"92":1,"93":1,"94":1,"96":1,"97":1,"100":1,"101":1,"103":1,"106":1,"108":2,"114":1,"116":1,"118":1,"123":1,"124":2,"125":2,"126":3,"127":3,"128":3,"129":3,"130":1,"133":3,"134":3,"139":3,"143":1,"144":3,"145":1,"149":1,"150":1,"158":1,"160":1,"161":1,"162":1,"164":1,"166":1,"258":1,"259":1,"271":1,"274":6,"275":6,"277":1,"279":2,"281":1,"283":2,"288":1,"289":1,"291":1,"296":1,"303":1,"306":1,"307":1,"310":1,"311":1,"313":1,"314":1,"315":1,"316":1,"317":1,"318":1,"319":1,"321":1,"322":1,"324":1}},"/home/travis/build/npmtest/node-npmtest-react-tooltip/node_modules/react-tooltip/dist/index.js":{"path":"/home/travis/build/npmtest/node-npmtest-react-tooltip/node_modules/react-tooltip/dist/index.js","s":{"1":1,"2":0,"3":0,"4":0,"5":0,"6":0,"7":0,"8":1,"9":1,"10":1,"11":17,"12":17,"13":17,"14":17,"15":17,"16":17,"17":1,"18":1,"19":1,"20":1,"21":0,"22":1,"23":1,"24":1,"25":1,"26":1,"27":1,"28":1,"29":1,"30":1,"31":1,"32":1,"33":1,"34":1,"35":1,"36":1,"37":1,"38":1,"39":1,"40":1,"41":1,"42":1,"43":1,"44":1,"45":1,"46":1,"47":1,"48":1,"49":1,"50":1,"51":1,"52":1,"53":1,"54":14,"55":1,"56":0,"57":0,"58":1,"59":0,"60":0,"61":0,"62":1,"63":1,"64":0,"65":1,"66":1,"67":1,"68":1,"69":1,"70":1,"71":0,"72":0,"73":0,"74":0,"75":0,"76":0,"77":0,"78":0,"79":0,"80":1,"81":0,"82":0,"83":0,"84":0,"85":0,"86":0,"87":0,"88":0,"89":0,"90":0,"91":0,"92":0,"93":0,"94":0,"95":0,"96":0,"97":0,"98":0,"99":0,"100":0,"101":0,"102":0,"103":0,"104":0,"105":0,"106":0,"107":0,"108":0,"109":0,"110":0,"111":0,"112":0,"113":0,"114":0,"115":0,"116":0,"117":0,"118":0,"119":0,"120":0,"121":0,"122":0,"123":0,"124":0,"125":0,"126":0,"127":0,"128":0,"129":0,"130":0,"131":0,"132":0,"133":0,"134":0,"135":0,"136":0,"137":0,"138":0,"139":0,"140":0,"141":0,"142":0,"143":0,"144":0,"145":0,"146":0,"147":0,"148":0,"149":0,"150":0,"151":0,"152":0,"153":0,"154":0,"155":0,"156":0,"157":0,"158":0,"159":0,"160":0,"161":0,"162":0,"163":0,"164":0,"165":0,"166":0,"167":0,"168":0,"169":0,"170":0,"171":0,"172":0,"173":0,"174":0,"175":0,"176":0,"177":0,"178":0,"179":0,"180":0,"181":0,"182":0,"183":0,"184":0,"185":0,"186":0,"187":0,"188":0,"189":0,"190":0,"191":0,"192":0,"193":0,"194":0,"195":0,"196":0,"197":0,"198":0,"199":0,"200":0,"201":0,"202":0,"203":0,"204":0,"205":0,"206":0,"207":0,"208":0,"209":0,"210":0,"211":0,"212":0,"213":0,"214":0,"215":0,"216":0,"217":0,"218":0,"219":0,"220":0,"221":0,"222":0,"223":0,"224":0,"225":0,"226":0,"227":0,"228":0,"229":0,"230":0,"231":0,"232":0,"233":0,"234":0,"235":0,"236":0,"237":0,"238":0,"239":0,"240":0,"241":0,"242":0,"243":0,"244":0,"245":0,"246":1,"247":1},"b":{"1":[1,0],"2":[0,0],"3":[17,17],"4":[17,0],"5":[1,0],"6":[0,1],"7":[10,4],"8":[14,14],"9":[0,0],"10":[0,0],"11":[0,0],"12":[0,0,0],"13":[0,1],"14":[1,0],"15":[1,1],"16":[1,0],"17":[1,0],"18":[1,1],"19":[1,1],"20":[1,1],"21":[1,1],"22":[1,1],"23":[1,1],"24":[0,0],"25":[0,0],"26":[0,0],"27":[0,0],"28":[0,0],"29":[0,0],"30":[0,0],"31":[0,0],"32":[0,0],"33":[0,0],"34":[0,0],"35":[0,0],"36":[0,0],"37":[0,0],"38":[0,0],"39":[0,0,0],"40":[0,0],"41":[0,0],"42":[0,0],"43":[0,0,0],"44":[0,0],"45":[0,0],"46":[0,0],"47":[0,0,0],"48":[0,0,0],"49":[0,0,0],"50":[0,0,0],"51":[0,0],"52":[0,0],"53":[0,0,0],"54":[0,0,0],"55":[0,0],"56":[0,0],"57":[0,0,0,0],"58":[0,0],"59":[0,0],"60":[0,0],"61":[0,0],"62":[0,0],"63":[0,0],"64":[0,0],"65":[0,0],"66":[0,0],"67":[0,0],"68":[0,0],"69":[0,0,0],"70":[0,0],"71":[0,0],"72":[0,0],"73":[0,0],"74":[0,0],"75":[0,0],"76":[0,0],"77":[0,0],"78":[0,0],"79":[0,0],"80":[0,0],"81":[0,0],"82":[0,0],"83":[0,0],"84":[0,0,0],"85":[0,0],"86":[0,0]},"f":{"1":0,"2":1,"3":1,"4":1,"5":14,"6":0,"7":0,"8":1,"9":1,"10":0,"11":0,"12":0,"13":0,"14":0,"15":0,"16":0,"17":0,"18":0,"19":0,"20":0,"21":0,"22":0,"23":0,"24":0,"25":0,"26":0,"27":0,"28":0,"29":0,"30":0,"31":0,"32":0,"33":0,"34":0,"35":0,"36":0,"37":0,"38":0,"39":0,"40":0,"41":0},"fnMap":{"1":{"name":"(anonymous_1)","line":3,"loc":{"start":{"line":3,"column":32},"end":{"line":3,"column":50}}},"2":{"name":"(anonymous_2)","line":5,"loc":{"start":{"line":5,"column":19},"end":{"line":5,"column":31}}},"3":{"name":"defineProperties","line":5,"loc":{"start":{"line":5,"column":33},"end":{"line":5,"column":74}}},"4":{"name":"(anonymous_4)","line":5,"loc":{"start":{"line":5,"column":357},"end":{"line":5,"column":405}}},"5":{"name":"_interopRequireDefault","line":76,"loc":{"start":{"line":76,"column":0},"end":{"line":76,"column":37}}},"6":{"name":"_classCallCheck","line":78,"loc":{"start":{"line":78,"column":0},"end":{"line":78,"column":48}}},"7":{"name":"_possibleConstructorReturn","line":80,"loc":{"start":{"line":80,"column":0},"end":{"line":80,"column":48}}},"8":{"name":"_inherits","line":82,"loc":{"start":{"line":82,"column":0},"end":{"line":82,"column":41}}},"9":{"name":"(anonymous_9)","line":84,"loc":{"start":{"line":84,"column":256},"end":{"line":84,"column":278}}},"10":{"name":"ReactTooltip","line":87,"loc":{"start":{"line":87,"column":2},"end":{"line":87,"column":31}}},"11":{"name":"bind","line":129,"loc":{"start":{"line":129,"column":11},"end":{"line":129,"column":38}}},"12":{"name":"(anonymous_12)","line":132,"loc":{"start":{"line":132,"column":26},"end":{"line":132,"column":44}}},"13":{"name":"componentDidMount","line":138,"loc":{"start":{"line":138,"column":11},"end":{"line":138,"column":40}}},"14":{"name":"componentWillReceiveProps","line":151,"loc":{"start":{"line":151,"column":11},"end":{"line":151,"column":53}}},"15":{"name":"(anonymous_15)","line":156,"loc":{"start":{"line":156,"column":53},"end":{"line":156,"column":70}}},"16":{"name":"componentWillUnmount","line":165,"loc":{"start":{"line":165,"column":11},"end":{"line":165,"column":43}}},"17":{"name":"getTargetArray","line":181,"loc":{"start":{"line":181,"column":11},"end":{"line":181,"column":39}}},"18":{"name":"bindListener","line":200,"loc":{"start":{"line":200,"column":11},"end":{"line":200,"column":35}}},"19":{"name":"(anonymous_19)","line":209,"loc":{"start":{"line":209,"column":26},"end":{"line":209,"column":44}}},"20":{"name":"unbindListener","line":245,"loc":{"start":{"line":245,"column":11},"end":{"line":245,"column":37}}},"21":{"name":"(anonymous_21)","line":253,"loc":{"start":{"line":253,"column":26},"end":{"line":253,"column":44}}},"22":{"name":"unbindBasicListener","line":270,"loc":{"start":{"line":270,"column":11},"end":{"line":270,"column":48}}},"23":{"name":"showTooltip","line":283,"loc":{"start":{"line":283,"column":11},"end":{"line":283,"column":49}}},"24":{"name":"(anonymous_24)","line":289,"loc":{"start":{"line":289,"column":43},"end":{"line":289,"column":58}}},"25":{"name":"(anonymous_25)","line":343,"loc":{"start":{"line":343,"column":9},"end":{"line":343,"column":21}}},"26":{"name":"(anonymous_26)","line":348,"loc":{"start":{"line":348,"column":53},"end":{"line":348,"column":65}}},"27":{"name":"updateTooltip","line":370,"loc":{"start":{"line":370,"column":11},"end":{"line":370,"column":37}}},"28":{"name":"updateState","line":385,"loc":{"start":{"line":385,"column":24},"end":{"line":385,"column":47}}},"29":{"name":"(anonymous_29)","line":387,"loc":{"start":{"line":387,"column":11},"end":{"line":387,"column":23}}},"30":{"name":"(anonymous_30)","line":393,"loc":{"start":{"line":393,"column":15},"end":{"line":393,"column":27}}},"31":{"name":"hideTooltip","line":415,"loc":{"start":{"line":415,"column":11},"end":{"line":415,"column":46}}},"32":{"name":"(anonymous_32)","line":429,"loc":{"start":{"line":429,"column":43},"end":{"line":429,"column":58}}},"33":{"name":"resetState","line":434,"loc":{"start":{"line":434,"column":23},"end":{"line":434,"column":45}}},"34":{"name":"(anonymous_34)","line":438,"loc":{"start":{"line":438,"column":11},"end":{"line":438,"column":23}}},"35":{"name":"addScrollListener","line":459,"loc":{"start":{"line":459,"column":11},"end":{"line":459,"column":41}}},"36":{"name":"removeScrollListener","line":465,"loc":{"start":{"line":465,"column":11},"end":{"line":465,"column":43}}},"37":{"name":"updatePosition","line":473,"loc":{"start":{"line":473,"column":11},"end":{"line":473,"column":37}}},"38":{"name":"(anonymous_38)","line":488,"loc":{"start":{"line":488,"column":46},"end":{"line":488,"column":58}}},"39":{"name":"setStyleHeader","line":504,"loc":{"start":{"line":504,"column":11},"end":{"line":504,"column":37}}},"40":{"name":"clearTimer","line":519,"loc":{"start":{"line":519,"column":11},"end":{"line":519,"column":33}}},"41":{"name":"render","line":526,"loc":{"start":{"line":526,"column":11},"end":{"line":526,"column":29}}}},"statementMap":{"1":{"start":{"line":3,"column":0},"end":{"line":3,"column":257}},"2":{"start":{"line":3,"column":52},"end":{"line":3,"column":239}},"3":{"start":{"line":3,"column":97},"end":{"line":3,"column":123}},"4":{"start":{"line":3,"column":124},"end":{"line":3,"column":237}},"5":{"start":{"line":3,"column":150},"end":{"line":3,"column":235}},"6":{"start":{"line":3,"column":207},"end":{"line":3,"column":233}},"7":{"start":{"line":3,"column":240},"end":{"line":3,"column":254}},"8":{"start":{"line":5,"column":0},"end":{"line":5,"column":564}},"9":{"start":{"line":5,"column":33},"end":{"line":5,"column":349}},"10":{"start":{"line":5,"column":76},"end":{"line":5,"column":347}},"11":{"start":{"line":5,"column":117},"end":{"line":5,"column":143}},"12":{"start":{"line":5,"column":144},"end":{"line":5,"column":199}},"13":{"start":{"line":5,"column":200},"end":{"line":5,"column":231}},"14":{"start":{"line":5,"column":232},"end":{"line":5,"column":286}},"15":{"start":{"line":5,"column":259},"end":{"line":5,"column":286}},"16":{"start":{"line":5,"column":287},"end":{"line":5,"column":345}},"17":{"start":{"line":5,"column":350},"end":{"line":5,"column":559}},"18":{"start":{"line":5,"column":407},"end":{"line":5,"column":475}},"19":{"start":{"line":5,"column":423},"end":{"line":5,"column":475}},"20":{"start":{"line":5,"column":476},"end":{"line":5,"column":536}},"21":{"start":{"line":5,"column":493},"end":{"line":5,"column":536}},"22":{"start":{"line":5,"column":537},"end":{"line":5,"column":556}},"23":{"start":{"line":7,"column":0},"end":{"line":7,"column":27}},"24":{"start":{"line":18,"column":0},"end":{"line":18,"column":30}},"25":{"start":{"line":20,"column":0},"end":{"line":20,"column":45}},"26":{"start":{"line":22,"column":0},"end":{"line":22,"column":39}},"27":{"start":{"line":24,"column":0},"end":{"line":24,"column":53}},"28":{"start":{"line":26,"column":0},"end":{"line":26,"column":37}},"29":{"start":{"line":28,"column":0},"end":{"line":28,"column":51}},"30":{"start":{"line":30,"column":0},"end":{"line":30,"column":40}},"31":{"start":{"line":32,"column":0},"end":{"line":32,"column":55}},"32":{"start":{"line":34,"column":0},"end":{"line":34,"column":59}},"33":{"start":{"line":36,"column":0},"end":{"line":36,"column":61}},"34":{"start":{"line":38,"column":0},"end":{"line":38,"column":61}},"35":{"start":{"line":40,"column":0},"end":{"line":40,"column":63}},"36":{"start":{"line":42,"column":0},"end":{"line":42,"column":55}},"37":{"start":{"line":44,"column":0},"end":{"line":44,"column":57}},"38":{"start":{"line":46,"column":0},"end":{"line":46,"column":51}},"39":{"start":{"line":48,"column":0},"end":{"line":48,"column":53}},"40":{"start":{"line":50,"column":0},"end":{"line":50,"column":51}},"41":{"start":{"line":52,"column":0},"end":{"line":52,"column":53}},"42":{"start":{"line":54,"column":0},"end":{"line":54,"column":57}},"43":{"start":{"line":56,"column":0},"end":{"line":56,"column":59}},"44":{"start":{"line":58,"column":0},"end":{"line":58,"column":50}},"45":{"start":{"line":60,"column":0},"end":{"line":60,"column":57}},"46":{"start":{"line":62,"column":0},"end":{"line":62,"column":54}},"47":{"start":{"line":64,"column":0},"end":{"line":64,"column":61}},"48":{"start":{"line":66,"column":0},"end":{"line":66,"column":36}},"49":{"start":{"line":68,"column":0},"end":{"line":68,"column":58}},"50":{"start":{"line":70,"column":0},"end":{"line":70,"column":65}},"51":{"start":{"line":72,"column":0},"end":{"line":72,"column":32}},"52":{"start":{"line":74,"column":0},"end":{"line":74,"column":45}},"53":{"start":{"line":76,"column":0},"end":{"line":76,"column":95}},"54":{"start":{"line":76,"column":39},"end":{"line":76,"column":93}},"55":{"start":{"line":78,"column":0},"end":{"line":78,"column":153}},"56":{"start":{"line":78,"column":50},"end":{"line":78,"column":151}},"57":{"start":{"line":78,"column":92},"end":{"line":78,"column":149}},"58":{"start":{"line":80,"column":0},"end":{"line":80,"column":240}},"59":{"start":{"line":80,"column":50},"end":{"line":80,"column":151}},"60":{"start":{"line":80,"column":63},"end":{"line":80,"column":149}},"61":{"start":{"line":80,"column":152},"end":{"line":80,"column":238}},"62":{"start":{"line":82,"column":0},"end":{"line":82,"column":494}},"63":{"start":{"line":82,"column":43},"end":{"line":82,"column":208}},"64":{"start":{"line":82,"column":106},"end":{"line":82,"column":206}},"65":{"start":{"line":82,"column":209},"end":{"line":82,"column":373}},"66":{"start":{"line":82,"column":374},"end":{"line":82,"column":492}},"67":{"start":{"line":82,"column":390},"end":{"line":82,"column":492}},"68":{"start":{"line":84,"column":0},"end":{"line":591,"column":121}},"69":{"start":{"line":85,"column":2},"end":{"line":85,"column":38}},"70":{"start":{"line":87,"column":2},"end":{"line":120,"column":3}},"71":{"start":{"line":88,"column":4},"end":{"line":88,"column":40}},"72":{"start":{"line":90,"column":4},"end":{"line":90,"column":132}},"73":{"start":{"line":92,"column":4},"end":{"line":111,"column":6}},"74":{"start":{"line":113,"column":4},"end":{"line":113,"column":127}},"75":{"start":{"line":115,"column":4},"end":{"line":115,"column":23}},"76":{"start":{"line":116,"column":4},"end":{"line":116,"column":31}},"77":{"start":{"line":117,"column":4},"end":{"line":117,"column":31}},"78":{"start":{"line":118,"column":4},"end":{"line":118,"column":39}},"79":{"start":{"line":119,"column":4},"end":{"line":119,"column":17}},"80":{"start":{"line":127,"column":2},"end":{"line":557,"column":6}},"81":{"start":{"line":130,"column":6},"end":{"line":130,"column":24}},"82":{"start":{"line":132,"column":6},"end":{"line":134,"column":9}},"83":{"start":{"line":133,"column":8},"end":{"line":133,"column":53}},"84":{"start":{"line":139,"column":6},"end":{"line":141,"column":41}},"85":{"start":{"line":143,"column":6},"end":{"line":145,"column":7}},"86":{"start":{"line":144,"column":8},"end":{"line":144,"column":30}},"87":{"start":{"line":146,"column":6},"end":{"line":146,"column":26}},"88":{"start":{"line":147,"column":6},"end":{"line":147,"column":40}},"89":{"start":{"line":152,"column":6},"end":{"line":152,"column":43}},"90":{"start":{"line":154,"column":6},"end":{"line":154,"column":53}},"91":{"start":{"line":156,"column":6},"end":{"line":158,"column":9}},"92":{"start":{"line":157,"column":8},"end":{"line":157,"column":56}},"93":{"start":{"line":159,"column":6},"end":{"line":161,"column":7}},"94":{"start":{"line":160,"column":8},"end":{"line":160,"column":51}},"95":{"start":{"line":166,"column":6},"end":{"line":166,"column":25}},"96":{"start":{"line":168,"column":6},"end":{"line":168,"column":24}},"97":{"start":{"line":170,"column":6},"end":{"line":170,"column":28}},"98":{"start":{"line":171,"column":6},"end":{"line":171,"column":34}},"99":{"start":{"line":172,"column":6},"end":{"line":172,"column":32}},"100":{"start":{"line":182,"column":6},"end":{"line":182,"column":31}},"101":{"start":{"line":183,"column":6},"end":{"line":188,"column":7}},"102":{"start":{"line":184,"column":8},"end":{"line":184,"column":78}},"103":{"start":{"line":186,"column":8},"end":{"line":186,"column":69}},"104":{"start":{"line":187,"column":8},"end":{"line":187,"column":90}},"105":{"start":{"line":190,"column":6},"end":{"line":190,"column":57}},"106":{"start":{"line":201,"column":6},"end":{"line":201,"column":24}},"107":{"start":{"line":203,"column":6},"end":{"line":205,"column":50}},"108":{"start":{"line":207,"column":6},"end":{"line":207,"column":48}},"109":{"start":{"line":209,"column":6},"end":{"line":227,"column":9}},"110":{"start":{"line":210,"column":8},"end":{"line":210,"column":53}},"111":{"start":{"line":211,"column":8},"end":{"line":211,"column":46}},"112":{"start":{"line":212,"column":8},"end":{"line":214,"column":9}},"113":{"start":{"line":213,"column":10},"end":{"line":213,"column":54}},"114":{"start":{"line":215,"column":8},"end":{"line":215,"column":43}},"115":{"start":{"line":217,"column":8},"end":{"line":220,"column":9}},"116":{"start":{"line":218,"column":10},"end":{"line":218,"column":44}},"117":{"start":{"line":219,"column":10},"end":{"line":219,"column":17}},"118":{"start":{"line":222,"column":8},"end":{"line":222,"column":81}},"119":{"start":{"line":223,"column":8},"end":{"line":225,"column":9}},"120":{"start":{"line":224,"column":10},"end":{"line":224,"column":84}},"121":{"start":{"line":226,"column":8},"end":{"line":226,"column":81}},"122":{"start":{"line":230,"column":6},"end":{"line":233,"column":7}},"123":{"start":{"line":231,"column":8},"end":{"line":231,"column":69}},"124":{"start":{"line":232,"column":8},"end":{"line":232,"column":73}},"125":{"start":{"line":236,"column":6},"end":{"line":236,"column":32}},"126":{"start":{"line":246,"column":6},"end":{"line":246,"column":24}},"127":{"start":{"line":248,"column":6},"end":{"line":250,"column":50}},"128":{"start":{"line":252,"column":6},"end":{"line":252,"column":48}},"129":{"start":{"line":253,"column":6},"end":{"line":256,"column":9}},"130":{"start":{"line":254,"column":8},"end":{"line":254,"column":43}},"131":{"start":{"line":255,"column":8},"end":{"line":255,"column":78}},"132":{"start":{"line":255,"column":42},"end":{"line":255,"column":78}},"133":{"start":{"line":258,"column":6},"end":{"line":258,"column":87}},"134":{"start":{"line":258,"column":26},"end":{"line":258,"column":87}},"135":{"start":{"line":259,"column":6},"end":{"line":259,"column":34}},"136":{"start":{"line":271,"column":6},"end":{"line":271,"column":49}},"137":{"start":{"line":272,"column":6},"end":{"line":272,"column":80}},"138":{"start":{"line":273,"column":6},"end":{"line":273,"column":81}},"139":{"start":{"line":274,"column":6},"end":{"line":274,"column":80}},"140":{"start":{"line":284,"column":6},"end":{"line":284,"column":24}},"141":{"start":{"line":286,"column":6},"end":{"line":293,"column":7}},"142":{"start":{"line":288,"column":8},"end":{"line":288,"column":61}},"143":{"start":{"line":289,"column":8},"end":{"line":291,"column":11}},"144":{"start":{"line":290,"column":10},"end":{"line":290,"column":41}},"145":{"start":{"line":292,"column":8},"end":{"line":292,"column":52}},"146":{"start":{"line":292,"column":45},"end":{"line":292,"column":52}},"147":{"start":{"line":296,"column":6},"end":{"line":299,"column":42}},"148":{"start":{"line":301,"column":6},"end":{"line":301,"column":67}},"149":{"start":{"line":302,"column":6},"end":{"line":302,"column":93}},"150":{"start":{"line":305,"column":6},"end":{"line":305,"column":27}},"151":{"start":{"line":306,"column":6},"end":{"line":312,"column":7}},"152":{"start":{"line":307,"column":8},"end":{"line":311,"column":9}},"153":{"start":{"line":308,"column":10},"end":{"line":308,"column":53}},"154":{"start":{"line":310,"column":10},"end":{"line":310,"column":33}},"155":{"start":{"line":313,"column":6},"end":{"line":313,"column":100}},"156":{"start":{"line":314,"column":6},"end":{"line":314,"column":101}},"157":{"start":{"line":317,"column":6},"end":{"line":317,"column":73}},"158":{"start":{"line":320,"column":6},"end":{"line":320,"column":28}},"159":{"start":{"line":321,"column":6},"end":{"line":325,"column":7}},"160":{"start":{"line":322,"column":8},"end":{"line":322,"column":81}},"161":{"start":{"line":323,"column":13},"end":{"line":325,"column":7}},"162":{"start":{"line":324,"column":8},"end":{"line":324,"column":43}},"163":{"start":{"line":328,"column":6},"end":{"line":328,"column":24}},"164":{"start":{"line":330,"column":6},"end":{"line":361,"column":9}},"165":{"start":{"line":344,"column":8},"end":{"line":344,"column":52}},"166":{"start":{"line":344,"column":24},"end":{"line":344,"column":52}},"167":{"start":{"line":345,"column":8},"end":{"line":345,"column":32}},"168":{"start":{"line":347,"column":8},"end":{"line":360,"column":9}},"169":{"start":{"line":348,"column":10},"end":{"line":359,"column":28}},"170":{"start":{"line":349,"column":12},"end":{"line":358,"column":13}},"171":{"start":{"line":350,"column":14},"end":{"line":350,"column":56}},"172":{"start":{"line":352,"column":14},"end":{"line":352,"column":108}},"173":{"start":{"line":353,"column":14},"end":{"line":353,"column":88}},"174":{"start":{"line":354,"column":14},"end":{"line":357,"column":17}},"175":{"start":{"line":371,"column":6},"end":{"line":371,"column":24}},"176":{"start":{"line":373,"column":6},"end":{"line":377,"column":35}},"177":{"start":{"line":378,"column":6},"end":{"line":378,"column":43}},"178":{"start":{"line":379,"column":6},"end":{"line":379,"column":47}},"179":{"start":{"line":381,"column":6},"end":{"line":381,"column":57}},"180":{"start":{"line":382,"column":6},"end":{"line":382,"column":40}},"181":{"start":{"line":384,"column":6},"end":{"line":384,"column":40}},"182":{"start":{"line":384,"column":33},"end":{"line":384,"column":40}},"183":{"start":{"line":385,"column":6},"end":{"line":399,"column":8}},"184":{"start":{"line":386,"column":8},"end":{"line":398,"column":9}},"185":{"start":{"line":387,"column":10},"end":{"line":397,"column":15}},"186":{"start":{"line":388,"column":12},"end":{"line":388,"column":49}},"187":{"start":{"line":389,"column":12},"end":{"line":396,"column":15}},"188":{"start":{"line":394,"column":14},"end":{"line":394,"column":38}},"189":{"start":{"line":395,"column":14},"end":{"line":395,"column":56}},"190":{"start":{"line":395,"column":44},"end":{"line":395,"column":56}},"191":{"start":{"line":401,"column":6},"end":{"line":401,"column":39}},"192":{"start":{"line":402,"column":6},"end":{"line":406,"column":7}},"193":{"start":{"line":403,"column":8},"end":{"line":403,"column":64}},"194":{"start":{"line":405,"column":8},"end":{"line":405,"column":22}},"195":{"start":{"line":416,"column":6},"end":{"line":416,"column":24}},"196":{"start":{"line":418,"column":6},"end":{"line":421,"column":36}},"197":{"start":{"line":422,"column":6},"end":{"line":422,"column":43}},"198":{"start":{"line":424,"column":6},"end":{"line":424,"column":30}},"199":{"start":{"line":424,"column":23},"end":{"line":424,"column":30}},"200":{"start":{"line":425,"column":6},"end":{"line":425,"column":40}},"201":{"start":{"line":425,"column":33},"end":{"line":425,"column":40}},"202":{"start":{"line":426,"column":6},"end":{"line":433,"column":7}},"203":{"start":{"line":428,"column":8},"end":{"line":428,"column":61}},"204":{"start":{"line":429,"column":8},"end":{"line":431,"column":11}},"205":{"start":{"line":430,"column":10},"end":{"line":430,"column":41}},"206":{"start":{"line":432,"column":8},"end":{"line":432,"column":53}},"207":{"start":{"line":432,"column":46},"end":{"line":432,"column":53}},"208":{"start":{"line":434,"column":6},"end":{"line":442,"column":8}},"209":{"start":{"line":435,"column":8},"end":{"line":435,"column":42}},"210":{"start":{"line":436,"column":8},"end":{"line":441,"column":11}},"211":{"start":{"line":439,"column":10},"end":{"line":439,"column":40}},"212":{"start":{"line":440,"column":10},"end":{"line":440,"column":50}},"213":{"start":{"line":440,"column":38},"end":{"line":440,"column":50}},"214":{"start":{"line":444,"column":6},"end":{"line":444,"column":24}},"215":{"start":{"line":445,"column":6},"end":{"line":449,"column":7}},"216":{"start":{"line":446,"column":8},"end":{"line":446,"column":77}},"217":{"start":{"line":448,"column":8},"end":{"line":448,"column":21}},"218":{"start":{"line":460,"column":6},"end":{"line":460,"column":58}},"219":{"start":{"line":461,"column":6},"end":{"line":461,"column":73}},"220":{"start":{"line":466,"column":6},"end":{"line":466,"column":61}},"221":{"start":{"line":474,"column":6},"end":{"line":474,"column":24}},"222":{"start":{"line":476,"column":6},"end":{"line":481,"column":34}},"223":{"start":{"line":483,"column":6},"end":{"line":483,"column":54}},"224":{"start":{"line":484,"column":6},"end":{"line":484,"column":104}},"225":{"start":{"line":486,"column":6},"end":{"line":491,"column":7}},"226":{"start":{"line":488,"column":8},"end":{"line":490,"column":11}},"227":{"start":{"line":489,"column":10},"end":{"line":489,"column":34}},"228":{"start":{"line":493,"column":6},"end":{"line":493,"column":52}},"229":{"start":{"line":494,"column":6},"end":{"line":494,"column":50}},"230":{"start":{"line":505,"column":6},"end":{"line":510,"column":7}},"231":{"start":{"line":506,"column":8},"end":{"line":506,"column":50}},"232":{"start":{"line":507,"column":8},"end":{"line":507,"column":33}},"233":{"start":{"line":508,"column":8},"end":{"line":508,"column":40}},"234":{"start":{"line":509,"column":8},"end":{"line":509,"column":66}},"235":{"start":{"line":520,"column":6},"end":{"line":520,"column":39}},"236":{"start":{"line":521,"column":6},"end":{"line":521,"column":39}},"237":{"start":{"line":522,"column":6},"end":{"line":522,"column":48}},"238":{"start":{"line":527,"column":6},"end":{"line":533,"column":42}},"239":{"start":{"line":535,"column":6},"end":{"line":535,"column":647}},"240":{"start":{"line":537,"column":6},"end":{"line":537,"column":39}},"241":{"start":{"line":538,"column":6},"end":{"line":540,"column":7}},"242":{"start":{"line":539,"column":8},"end":{"line":539,"column":52}},"243":{"start":{"line":542,"column":6},"end":{"line":555,"column":7}},"244":{"start":{"line":543,"column":8},"end":{"line":546,"column":63}},"245":{"start":{"line":548,"column":8},"end":{"line":554,"column":10}},"246":{"start":{"line":559,"column":2},"end":{"line":559,"column":22}},"247":{"start":{"line":596,"column":0},"end":{"line":596,"column":30}}},"branchMap":{"1":{"line":3,"type":"binary-expr","locations":[{"start":{"line":3,"column":15},"end":{"line":3,"column":28}},{"start":{"line":3,"column":32},"end":{"line":3,"column":256}}]},"2":{"line":3,"type":"if","locations":[{"start":{"line":3,"column":150},"end":{"line":3,"column":150}},{"start":{"line":3,"column":150},"end":{"line":3,"column":150}}]},"3":{"line":5,"type":"binary-expr","locations":[{"start":{"line":5,"column":168},"end":{"line":5,"column":189}},{"start":{"line":5,"column":193},"end":{"line":5,"column":198}}]},"4":{"line":5,"type":"if","locations":[{"start":{"line":5,"column":232},"end":{"line":5,"column":232}},{"start":{"line":5,"column":232},"end":{"line":5,"column":232}}]},"5":{"line":5,"type":"if","locations":[{"start":{"line":5,"column":407},"end":{"line":5,"column":407}},{"start":{"line":5,"column":407},"end":{"line":5,"column":407}}]},"6":{"line":5,"type":"if","locations":[{"start":{"line":5,"column":476},"end":{"line":5,"column":476}},{"start":{"line":5,"column":476},"end":{"line":5,"column":476}}]},"7":{"line":76,"type":"cond-expr","locations":[{"start":{"line":76,"column":70},"end":{"line":76,"column":73}},{"start":{"line":76,"column":76},"end":{"line":76,"column":92}}]},"8":{"line":76,"type":"binary-expr","locations":[{"start":{"line":76,"column":46},"end":{"line":76,"column":49}},{"start":{"line":76,"column":53},"end":{"line":76,"column":67}}]},"9":{"line":78,"type":"if","locations":[{"start":{"line":78,"column":50},"end":{"line":78,"column":50}},{"start":{"line":78,"column":50},"end":{"line":78,"column":50}}]},"10":{"line":80,"type":"if","locations":[{"start":{"line":80,"column":50},"end":{"line":80,"column":50}},{"start":{"line":80,"column":50},"end":{"line":80,"column":50}}]},"11":{"line":80,"type":"cond-expr","locations":[{"start":{"line":80,"column":226},"end":{"line":80,"column":230}},{"start":{"line":80,"column":233},"end":{"line":80,"column":237}}]},"12":{"line":80,"type":"binary-expr","locations":[{"start":{"line":80,"column":159},"end":{"line":80,"column":163}},{"start":{"line":80,"column":168},"end":{"line":80,"column":192}},{"start":{"line":80,"column":196},"end":{"line":80,"column":222}}]},"13":{"line":82,"type":"if","locations":[{"start":{"line":82,"column":43},"end":{"line":82,"column":43}},{"start":{"line":82,"column":43},"end":{"line":82,"column":43}}]},"14":{"line":82,"type":"binary-expr","locations":[{"start":{"line":82,"column":47},"end":{"line":82,"column":79}},{"start":{"line":82,"column":83},"end":{"line":82,"column":102}}]},"15":{"line":82,"type":"binary-expr","locations":[{"start":{"line":82,"column":244},"end":{"line":82,"column":254}},{"start":{"line":82,"column":258},"end":{"line":82,"column":278}}]},"16":{"line":82,"type":"if","locations":[{"start":{"line":82,"column":374},"end":{"line":82,"column":374}},{"start":{"line":82,"column":374},"end":{"line":82,"column":374}}]},"17":{"line":82,"type":"cond-expr","locations":[{"start":{"line":82,"column":414},"end":{"line":82,"column":457}},{"start":{"line":82,"column":460},"end":{"line":82,"column":491}}]},"18":{"line":84,"type":"binary-expr","locations":[{"start":{"line":84,"column":19},"end":{"line":591,"column":110}},{"start":{"line":591,"column":114},"end":{"line":591,"column":120}}]},"19":{"line":84,"type":"binary-expr","locations":[{"start":{"line":84,"column":57},"end":{"line":591,"column":99}},{"start":{"line":591,"column":103},"end":{"line":591,"column":109}}]},"20":{"line":84,"type":"binary-expr","locations":[{"start":{"line":84,"column":96},"end":{"line":591,"column":88}},{"start":{"line":591,"column":92},"end":{"line":591,"column":98}}]},"21":{"line":84,"type":"binary-expr","locations":[{"start":{"line":84,"column":132},"end":{"line":591,"column":77}},{"start":{"line":591,"column":81},"end":{"line":591,"column":87}}]},"22":{"line":84,"type":"binary-expr","locations":[{"start":{"line":84,"column":166},"end":{"line":591,"column":66}},{"start":{"line":591,"column":70},"end":{"line":591,"column":76}}]},"23":{"line":84,"type":"binary-expr","locations":[{"start":{"line":84,"column":200},"end":{"line":591,"column":55}},{"start":{"line":591,"column":59},"end":{"line":591,"column":65}}]},"24":{"line":90,"type":"binary-expr","locations":[{"start":{"line":90,"column":50},"end":{"line":90,"column":72}},{"start":{"line":90,"column":76},"end":{"line":90,"column":111}}]},"25":{"line":104,"type":"binary-expr","locations":[{"start":{"line":104,"column":13},"end":{"line":104,"column":24}},{"start":{"line":104,"column":28},"end":{"line":104,"column":32}}]},"26":{"line":1
[...]
 extraOffset_X = _calculateOffset.extraOffset_X,","      extraOffset_Y = _calculateOffset.extraOffset_Y;","","  var windowWidth = window.innerWidth;","  var windowHeight = window.innerHeight;","","  var _getParent = getParent(node),","      parentTop = _getParent.parentTop,","      parentLeft = _getParent.parentLeft;","","  // Get the edge offset of the tooltip","","","  var getTipOffsetLeft = function getTipOffsetLeft(place) {","    var offset_X = defaultOffset[place].l;","    return mouseX + offset_X + extraOffset_X;","  };","  var getTipOffsetRight = function getTipOffsetRight(place) {","    var offset_X = defaultOffset[place].r;","    return mouseX + offset_X + extraOffset_X;","  };","  var getTipOffsetTop = function getTipOffsetTop(place) {","    var offset_Y = defaultOffset[place].t;","    return mouseY + offset_Y + extraOffset_Y;","  };","  var getTipOffsetBottom = function getTipOffsetBottom(place) {","    var offset_Y = defaultOffset[place].b;","    return mouseY + offset_Y + extraOffset_Y;","  };","","  // Judge if the tooltip has over the window(screen)","  var outsideVertical = function outsideVertical() {","    var result = false;","    var newPlace = void 0;","    if (getTipOffsetTop('left') < 0 && getTipOffsetBottom('left') <= windowHeight && getTipOffsetBottom('bottom') <= windowHeight) {","      result = true;","      newPlace = 'bottom';","    } else if (getTipOffsetBottom('left') > windowHeight && getTipOffsetTop('left') >= 0 && getTipOffsetTop('top') >= 0) {","      result = true;","      newPlace = 'top';","    }","    return { result: result, newPlace: newPlace };","  };","  var outsideLeft = function outsideLeft() {","    var _outsideVertical = outsideVertical(),","        result = _outsideVertical.result,","        newPlace = _outsideVertical.newPlace; // Deal with vertical as first priority","","","    if (result && outsideHorizontal().result) {","      return { result: false }; // No need to change, if change to vertical will out of space","    }","    if (!result && getTipOffsetLeft('left') < 0 && getTipOffsetRight('right') <= windowWidth) {","      result = true; // If vertical ok, but let out of side and right won't out of side","      newPlace = 'right';","    }","    return { result: result, newPlace: newPlace };","  };","  var outsideRight = function outsideRight() {","    var _outsideVertical2 = outsideVertical(),","        result = _outsideVertical2.result,","        newPlace = _outsideVertical2.newPlace;","","    if (result && outsideHorizontal().result) {","      return { result: false }; // No need to change, if change to vertical will out of space","    }","    if (!result && getTipOffsetRight('right') > windowWidth && getTipOffsetLeft('left') >= 0) {","      result = true;","      newPlace = 'left';","    }","    return { result: result, newPlace: newPlace };","  };","","  var outsideHorizontal = function outsideHorizontal() {","    var result = false;","    var newPlace = void 0;","    if (getTipOffsetLeft('top') < 0 && getTipOffsetRight('top') <= windowWidth && getTipOffsetRight('right') <= windowWidth) {","      result = true;","      newPlace = 'right';","    } else if (getTipOffsetRight('top') > windowWidth && getTipOffsetLeft('top') >= 0 && getTipOffsetLeft('left') >= 0) {","      result = true;","      newPlace = 'left';","    }","    return { result: result, newPlace: newPlace };","  };","  var outsideTop = function outsideTop() {","    var _outsideHorizontal = outsideHorizontal(),","        result = _outsideHorizontal.result,","        newPlace = _outsideHorizontal.newPlace;","","    if (result && outsideVertical().result) {","      return { result: false };","    }","    if (!result && getTipOffsetTop('top') < 0 && getTipOffsetBottom('bottom') <= windowHeight) {","      result = true;","      newPlace = 'bottom';","    }","    return { result: result, newPlace: newPlace };","  };","  var outsideBottom = function outsideBottom() {","    var _outsideHorizontal2 = outsideHorizontal(),","        result = _outsideHorizontal2.result,","        newPlace = _outsideHorizontal2.newPlace;","","    if (result && outsideVertical().result) {","      return { result: false };","    }","    if (!result && getTipOffsetBottom('bottom') > windowHeight && getTipOffsetTop('top') >= 0) {","      result = true;","      newPlace = 'top';","    }","    return { result: result, newPlace: newPlace };","  };","","  // Return new state to change the placement to the reverse if possible","  var outsideLeftResult = outsideLeft();","  var outsideRightResult = outsideRight();","  var outsideTopResult = outsideTop();","  var outsideBottomResult = outsideBottom();","","  if (place === 'left' && outsideLeftResult.result) {","    return {","      isNewState: true,","      newState: { place: outsideLeftResult.newPlace }","    };","  } else if (place === 'right' && outsideRightResult.result) {","    return {","      isNewState: true,","      newState: { place: outsideRightResult.newPlace }","    };","  } else if (place === 'top' && outsideTopResult.result) {","    return {","      isNewState: true,","      newState: { place: outsideTopResult.newPlace }","    };","  } else if (place === 'bottom' && outsideBottomResult.result) {","    return {","      isNewState: true,","      newState: { place: outsideBottomResult.newPlace }","    };","  }","","  // Return tooltip offset position","  return {","    isNewState: false,","    position: {","      left: parseInt(getTipOffsetLeft(place) - parentLeft, 10),","      top: parseInt(getTipOffsetTop(place) - parentTop, 10)","    }","  };","};","","// Get current mouse offset","var getCurrentOffset = function getCurrentOffset(e, currentTarget, effect) {","  var boundingClientRect = currentTarget.getBoundingClientRect();","  var targetTop = boundingClientRect.top;","  var targetLeft = boundingClientRect.left;","  var targetWidth = currentTarget.clientWidth;","  var targetHeight = currentTarget.clientHeight;","","  if (effect === 'float') {","    return {","      mouseX: e.clientX,","      mouseY: e.clientY","    };","  }","  return {","    mouseX: targetLeft + targetWidth / 2,","    mouseY: targetTop + targetHeight / 2","  };","};","","// List all possibility of tooltip final offset","// This is useful in judging if it is necessary for tooltip to switch position when out of window","/**"," * Calculate the position of tooltip"," *"," * @params"," * - `e` {Event} the event of current mouse"," * - `target` {Element} the currentTarget of the event"," * - `node` {DOM} the react-tooltip object"," * - `place` {String} top / right / bottom / left"," * - `effect` {String} float / solid"," * - `offset` {Object} the offset to default position"," *"," * @return {Object"," * - `isNewState` {Bool} required"," * - `newState` {Object}"," * - `position` {OBject} {left: {Number}, top: {Number}}"," */","var getDefaultPosition = function getDefaultPosition(effect, targetWidth, targetHeight, tipWidth, tipHeight) {","  var top = void 0;","  var right = void 0;","  var bottom = void 0;","  var left = void 0;","  var disToMouse = 3;","  var triangleHeight = 2;","  var cursorHeight = 12; // Optimize for float bottom only, cause the cursor will hide the tooltip","","  if (effect === 'float') {","    top = {","      l: -(tipWidth / 2),","      r: tipWidth / 2,","      t: -(tipHeight + disToMouse + triangleHeight),","      b: -disToMouse","    };","    bottom = {","      l: -(tipWidth / 2),","      r: tipWidth / 2,","      t: disToMouse + cursorHeight,","      b: tipHeight + disToMouse + triangleHeight + cursorHeight","    };","    left = {","      l: -(tipWidth + disToMouse + triangleHeight),","      r: -disToMouse,","      t: -(tipHeight / 2),","      b: tipHeight / 2","    };","    right = {","      l: disToMouse,","      r: tipWidth + disToMouse + triangleHeight,","      t: -(tipHeight / 2),","      b: tipHeight / 2","    };","  } else if (effect === 'solid') {","    top = {","      l: -(tipWidth / 2),","      r: tipWidth / 2,","      t: -(targetHeight / 2 + tipHeight + triangleHeight),","      b: -(targetHeight / 2)","    };","    bottom = {","      l: -(tipWidth / 2),","      r: tipWidth / 2,","      t: targetHeight / 2,","      b: targetHeight / 2 + tipHeight + triangleHeight","    };","    left = {","      l: -(tipWidth + targetWidth / 2 + triangleHeight),","      r: -(targetWidth / 2),","      t: -(tipHeight / 2),","      b: tipHeight / 2","    };","    right = {","      l: targetWidth / 2,","      r: tipWidth + targetWidth / 2 + triangleHeight,","      t: -(tipHeight / 2),","      b: tipHeight / 2","    };","  }","","  return { top: top, bottom: bottom, left: left, right: right };","};","","// Consider additional offset into position calculation","var calculateOffset = function calculateOffset(offset) {","  var extraOffset_X = 0;","  var extraOffset_Y = 0;","","  if (Object.prototype.toString.apply(offset) === '[object String]') {","    offset = JSON.parse(offset.toString().replace(/\\'/g, '\\\"'));","  }","  for (var key in offset) {","    if (key === 'top') {","      extraOffset_Y -= parseInt(offset[key], 10);","    } else if (key === 'bottom') {","      extraOffset_Y += parseInt(offset[key], 10);","    } else if (key === 'left') {","      extraOffset_X -= parseInt(offset[key], 10);","    } else if (key === 'right') {","      extraOffset_X += parseInt(offset[key], 10);","    }","  }","","  return { extraOffset_X: extraOffset_X, extraOffset_Y: extraOffset_Y };","};","","// Get the offset of the parent elements","var getParent = function getParent(currentTarget) {","  var currentParent = currentTarget;","  while (currentParent) {","    if (window.getComputedStyle(currentParent).getPropertyValue('transform') !== 'none') break;","    currentParent = currentParent.parentElement;","  }","","  var parentTop = currentParent && currentParent.getBoundingClientRect().top || 0;","  var parentLeft = currentParent && currentParent.getBoundingClientRect().left || 0;","","  return { parentTop: parentTop, parentLeft: parentLeft };","};","","},{}],22:[function(require,module,exports){","(function (global){","'use strict';","","Object.defineProperty(exports, \"__esModule\", {","  value: true","});","","exports.default = function (tip, children, getContent, multiline) {","  if (children) return children;","  if (getContent !== undefined && getContent !== null) return getContent; // getContent can be 0, '', etc.","  if (getContent === null) return null; // Tip not exist and childern is null or undefined","","  var regexp = /<br\\s*\\/?>/;","  if (!multiline || multiline === 'false' || !regexp.test(tip)) {","    // No trim(), so that user can keep their input","    return tip;","  }","","  // Multiline tooltip content","  return tip.split(regexp).map(function (d, i) {","    return _react2.default.createElement(","      'span',","      { key: i, className: 'multi-line' },","      d","    );","  });","};","","var _react = (typeof window !== \"undefined\" ? window['React'] : typeof global !== \"undefined\" ? global['React'] : null);","","var _react2 = _interopRequireDefault(_react);","","function _interopRequireDefault(obj) { return obj && obj.__esModule ? obj : { default: obj }; }","","}).call(this,typeof global !== \"undefined\" ? global : typeof self !== \"undefined\" ? self : typeof window !== \"undefined\" ? window : {})","},{}],23:[function(require,module,exports){","\"use strict\";","","Object.defineProperty(exports, \"__esModule\", {","  value: true","});","","exports.default = function (nodeList) {","  var length = nodeList.length;","  if (nodeList.hasOwnProperty) {","    return Array.prototype.slice.call(nodeList);","  }","  return new Array(length).fill().map(function (index) {","    return nodeList[index];","  });","};","","},{}]},{},[18])(18)","});"],"l":{"1":62,"3":2,"10":2,"11":2,"13":1,"14":0,"16":1,"17":0,"19":2,"20":2,"21":2,"22":2,"24":0,"27":0,"29":2,"30":2,"31":2,"33":0,"36":0,"39":1,"40":0,"42":0,"45":0,"46":0,"47":0,"49":0,"51":0,"53":0,"55":0,"58":0,"64":1,"65":0,"67":0,"70":0,"71":0,"72":0,"74":0,"76":0,"78":0,"80":0,"84":0,"91":2,"92":2,"93":2,"94":2,"96":1,"97":0,"98":0,"100":0,"101":0,"102":0,"104":0,"106":0,"107":0,"111":1,"112":0,"113":0,"115":0,"116":0,"118":0,"119":0,"120":0,"121":0,"122":0,"123":0,"124":0,"127":0,"128":0,"130":0,"131":0,"132":0,"135":2,"136":0,"137":0,"138":0,"139":0,"142":0,"143":0,"144":0,"149":1,"150":0,"151":0,"153":2,"154":0,"156":2,"157":2,"158":2,"159":2,"160":2,"161":2,"163":1,"165":2,"166":2,"167":2,"168":2,"169":2,"170":2,"171":2,"173":2,"174":0,"177":2,"178":2,"179":0,"181":2,"197":1,"198":6,"199":0,"208":2,"210":2,"211":2,"212":2,"213":2,"214":2,"215":0,"217":2,"218":0,"221":2,"223":2,"247":2,"249":2,"250":2,"251":0,"252":0,"257":1,"258":0,"260":0,"261":0,"262":0,"263":0,"265":0,"266":0,"267":0,"268":0,"270":0,"273":0,"274":0,"278":2,"281":2,"294":2,"303":2,"305":2,"306":2,"307":2,"308":0,"309":0,"312":0,"313":0,"314":0,"316":0,"317":0,"319":0,"323":0,"327":2,"328":0,"329":0,"332":0,"333":0,"336":0,"337":0,"338":0,"341":0,"347":2,"350":2,"362":2,"363":2,"364":2,"365":2,"366":2,"380":1,"381":0,"382":0,"383":0,"384":0,"388":0,"391":0,"392":0,"394":0,"396":0,"397":0,"400":0,"402":0,"404":0,"411":2,"426":0,"427":0,"429":0,"432":1,"433":0,"440":0,"441":1,"442":0,"444":0,"464":0,"465":0,"467":0,"471":2,"483":2,"484":2,"485":2,"487":2,"488":2,"490":2,"492":2,"493":2,"509":1,"510":0,"511":0,"512":0,"563":2,"567":2,"592":1,"594":0,"597":0,"600":0,"612":1,"613":0,"614":0,"617":2,"619":1,"620":20,"621":20,"622":20,"624":1,"625":0,"626":0,"628":0,"629":0,"631":0,"637":0,"639":0,"640":0,"645":0,"655":0,"656":0,"660":0,"661":0,"662":0,"663":0,"665":0,"667":0,"669":0,"673":20,"674":20,"676":20,"679":1,"680":1,"681":0,"682":0,"683":0,"687":0,"689":0,"691":0,"693":14,"696":1,"697":2,"700":1,"701":1,"702":0,"703":0,"705":0,"706":0,"707":0,"708":0,"710":0,"711":0,"712":0,"713":0,"716":0,"718":0,"721":1,"722":1,"723":0,"724":0,"725":0,"726":0,"728":0,"730":2,"733":1,"734":1,"735":0,"736":0,"737":0,"738":0,"740":0,"742":0,"745":1,"746":0,"747":0,"748":0,"751":1,"752":0,"753":0,"754":0,"755":0,"759":0,"760":0,"762":0,"765":1,"766":1,"767":0,"768":0,"770":0,"771":0,"772":0,"773":0,"775":0,"776":0,"777":0,"778":0,"779":0,"783":0,"785":0,"788":1,"789":0,"790":0,"791":0,"794":1,"795":0,"796":0,"797":0,"798":0,"802":0,"804":0,"807":1,"808":1,"809":0,"810":0,"812":0,"814":2,"817":1,"818":1,"819":0,"820":0,"821":0,"822":0,"824":0,"825":0,"826":0,"827":0,"829":0,"830":0,"831":0,"834":0,"836":0,"839":1,"840":0,"844":0,"846":0,"848":0,"849":0,"851":0,"852":0,"855":0,"856":0,"857":0,"858":0,"859":0,"860":0,"861":0,"862":0,"867":0,"868":0,"869":0,"870":0,"871":0,"877":0,"880":0,"882":0,"886":1,"888":0,"889":0,"893":0,"894":0,"898":0,"899":0,"902":0,"906":1,"907":0,"908":0,"909":0,"911":0,"915":0,"917":0,"918":0,"920":0,"925":1,"926":0,"927":0,"928":0,"929":0,"930":0,"931":0,"934":0,"938":1,"939":0,"940":0,"942":0,"945":2,"946":2,"948":2,"953":2,"963":2,"964":2,"969":2,"970":0,"977":2,"978":2,"982":0,"998":2,"1000":2,"1010":2,"1013":2,"1015":1,"1016":0,"1018":0,"1019":0,"1020":0,"1022":0,"1024":0,"1025":0,"1026":0,"1027":0,"1028":0,"1029":0,"1030":0,"1031":0,"1037":0,"1040":2,"1041":2,"1042":0,"1044":0,"1045":0,"1048":0,"1055":2,"1058":2,"1070":2,"1074":2,"1075":0,"1076":0,"1078":0,"1082":0,"1083":0,"1085":0,"1089":0,"1090":0,"1092":0,"1093":0,"1094":0,"1095":0,"1097":0,"1098":0,"1099":0,"1100":0,"1106":0,"1107":0,"1111":0,"1112":0,"1114":0,"1115":0,"1127":2,"1128":0,"1129":0,"1131":0,"1132":0,"1133":0,"1135":0,"1136":0,"1137":0,"1139":0,"1140":0,"1141":0,"1145":2,"1146":0,"1147":0,"1148":0,"1150":0,"1155":2,"1160":2,"1164":2,"1165":0,"1166":0,"1167":0,"1174":2,"1178":2,"1179":0,"1180":0,"1181":0,"1188":2,"1192":2,"1197":0,"1198":0,"1205":0,"1206":0,"1213":0,"1214":0,"1217":0,"1218":0,"1219":0,"1220":0,"1224":0,"1225":0,"1228":0,"1229":0,"1233":0,"1234":0,"1235":0,"1236":0,"1241":2,"1243":2,"1245":2,"1247":2,"1250":0,"1252":0,"1253":0,"1255":0,"1256":0,"1257":0,"1260":0,"1268":2,"1272":2,"1273":0,"1274":0,"1276":0,"1277":0,"1279":0,"1280":0,"1281":0,"1282":0,"1284":0,"1285":0,"1286":0,"1287":0,"1288":0,"1289":0,"1291":0,"1292":0,"1293":0,"1295":0,"1296":0,"1297":0,"1301":0,"1302":0,"1304":0,"1305":0,"1306":0,"1309":0,"1310":0,"1316":0,"1317":0,"1319":0,"1320":0,"1321":0,"1324":0,"1325":0,"1331":0,"1333":0,"1336":0,"1337":0,"1338":0,"1339":0,"1354":2,"1355":0,"1361":2,"1365":2,"1366":0,"1368":0,"1369":0,"1372":0,"1373":0,"1376":0,"1377":0,"1380":0,"1381":0,"1382":0,"1386":0,"1387":0,"1388":0,"1389":0,"1390":0,"1396":0,"1397":0,"1398":0,"1402":2,"1404":2,"1406":2,"1409":2,"1412":2,"1414":2,"1416":2,"1427":2,"1429":2,"1431":2,"1433":2,"1435":2,"1437":2,"1439":2,"1441":2,"1443":2,"1445":2,"1447":2,"1449":2,"1451":2,"1453":2,"1455":2,"1457":2,"1459":2,"1461":2,"1463":2,"1465":2,"1467":2,"1469":2,"1471":2,"1473":2,"1475":2,"1477":2,"1479":2,"1481":2,"1483":2,"1485":28,"1487":1,"1489":1,"1491":1,"1493":2,"1494":0,"1496":1,"1497":0,"1499":0,"1501":0,"1522":0,"1524":0,"1525":0,"1526":0,"1527":0,"1528":0,"1536":0,"1539":0,"1541":0,"1542":0,"1548":0,"1552":0,"1553":0,"1555":0,"1556":0,"1561":0,"1563":0,"1565":0,"1566":0,"1568":0,"1569":0,"1575":0,"1577":0,"1579":0,"1580":0,"1581":0,"1591":0,"1592":0,"1593":0,"1595":0,"1596":0,"1599":0,"1610":0,"1612":0,"1616":0,"1618":0,"1619":0,"1620":0,"1621":0,"1622":0,"1624":0,"1626":0,"1627":0,"1628":0,"1631":0,"1632":0,"1633":0,"1635":0,"1639":0,"1640":0,"1641":0,"1645":0,"1655":0,"1657":0,"1661":0,"1662":0,"1663":0,"1664":0,"1667":0,"1668":0,"1680":0,"1681":0,"1682":0,"1683":0,"1693":0,"1695":0,"1697":0,"1698":0,"1699":0,"1701":0,"1705":0,"1710":0,"1711":0,"1714":0,"1715":0,"1716":0,"1717":0,"1719":0,"1722":0,"1723":0,"1726":0,"1729":0,"1730":0,"1731":0,"1732":0,"1733":0,"1737":0,"1739":0,"1753":0,"1754":0,"1756":0,"1757":0,"1758":0,"1759":0,"1761":0,"1762":0,"1763":0,"1780":0,"1782":0,"1787":0,"1788":0,"1790":0,"1791":0,"1793":0,"1794":0,"1795":0,"1796":0,"1797":0,"1798":0,"1803":0,"1804":0,"1810":0,"1811":0,"1812":0,"1814":0,"1825":0,"1827":0,"1831":0,"1833":0,"1834":0,"1835":0,"1837":0,"1838":0,"1839":0,"1841":0,"1843":0,"1844":0,"1845":0,"1848":0,"1849":0,"1853":0,"1854":0,"1855":0,"1857":0,"1869":0,"1870":0,"1875":0,"1883":0,"1885":0,"1892":0,"1893":0,"1895":0,"1897":0,"1898":0,"1902":0,"1903":0,"1914":0,"1915":0,"1916":0,"1917":0,"1918":0,"1929":0,"1930":0,"1931":0,"1936":0,"1944":0,"1946":0,"1947":0,"1948":0,"1951":0,"1952":0,"1957":0,"1968":0,"2005":0,"2011":2,"2014":2,"2019":2,"2022":2,"2029":1,"2030":0,"2031":0,"2033":0,"2036":0,"2039":0,"2045":2,"2049":2,"2050":0,"2051":0,"2053":0,"2057":0,"2059":0,"2063":0,"2064":0,"2066":0,"2073":0,"2074":0,"2075":0,"2077":0,"2078":0,"2079":0,"2081":0,"2082":0,"2083":0,"2085":0,"2086":0,"2087":0,"2091":0,"2092":0,"2093":0,"2094":0,"2095":0,"2096":0,"2097":0,"2098":0,"2099":0,"2101":0,"2103":0,"2104":0,"2109":0,"2110":0,"2112":0,"2113":0,"2114":0,"2116":0,"2118":0,"2119":0,"2123":0,"2124":0,"2126":0,"2127":0,"2128":0,"2130":0,"2133":0,"2134":0,"2135":0,"2136":0,"2137":0,"2138":0,"2139":0,"2140":0,"2141":0,"2143":0,"2145":0,"2146":0,"2150":0,"2151":0,"2153":0,"2154":0,"2155":0,"2157":0,"2159":0,"2160":0,"2164":0,"2165":0,"2167":0,"2168":0,"2169":0,"2171":0,"2175":0,"2176":0,"2177":0,"2178":0,"2180":0,"2181":0,"2185":0,"2186":0,"2190":0,"2191":0,"2195":0,"2196":0,"2203":0,"2213":2,"2214":0,"2215":0,"2216":0,"2217":0,"2218":0,"2220":0,"2221":0,"2226":0,"2250":2,"2251":0,"2252":0,"2253":0,"2254":0,"2255":0,"2256":0,"2257":0,"2259":0,"2260":0,"2266":0,"2272":0,"2278":0,"2284":0,"2285":0,"2291":0,"2297":0,"2303":0,"2311":0,"2315":2,"2316":0,"2317":0,"2319":0,"2320":0,"2322":0,"2323":0,"2324":0,"2325":0,"2326":0,"2327":0,"2328":0,"2329":0,"2330":0,"2334":0,"2338":2,"2339":0,"2340":0,"2341":0,"2342":0,"2345":0,"2346":0,"2348":0,"2352":2,"2355":2,"2359":2,"2360":0,"2361":0,"2362":0,"2364":0,"2365":0,"2367":0,"2371":0,"2372":0,"2380":2,"2382":2,"2384":2,"2390":2,"2394":2,"2395":0,"2396":0,"2397":0,"2399":0,"2400":0}}}